<html>
<head>
<title>TestNG:  RegistrationTesting</title>
<link href="../testng.css" rel="stylesheet" type="text/css" />
<link href="../my-testng.css" rel="stylesheet" type="text/css" />

<style type="text/css">
.log { display: none;} 
.stack-trace { display: none;} 
</style>
<script type="text/javascript">
<!--
function flip(e) {
  current = e.style.display;
  if (current == 'block') {
    e.style.display = 'none';
    return 0;
  }
  else {
    e.style.display = 'block';
    return 1;
  }
}

function toggleBox(szDivId, elem, msg1, msg2)
{
  var res = -1;  if (document.getElementById) {
    res = flip(document.getElementById(szDivId));
  }
  else if (document.all) {
    // this is the way old msie versions work
    res = flip(document.all[szDivId]);
  }
  if(elem) {
    if(res == 0) elem.innerHTML = msg1; else elem.innerHTML = msg2;
  }

}

function toggleAllBoxes() {
  if (document.getElementsByTagName) {
    d = document.getElementsByTagName('div');
    for (i = 0; i < d.length; i++) {
      if (d[i].className == 'log') {
        flip(d[i]);
      }
    }
  }
}

// -->
</script>

</head>
<body>
<h2 align='center'>RegistrationTesting</h2><table border='1' align="center">
<tr>
<td>Tests passed/Failed/Skipped:</td><td>2/1/9</td>
</tr><tr>
<td>Started on:</td><td>Mon Jul 15 16:47:39 IDT 2019</td>
</tr>
<tr><td>Total time:</td><td>133 seconds (133661 ms)</td>
</tr><tr>
<td>Included groups:</td><td></td>
</tr><tr>
<td>Excluded groups:</td><td></td>
</tr>
</table><p/>
<small><i>(Hover the method name to see the test class name)</i></small><p/>
<table width='100%' border='1' class='invocation-failed'>
<tr><td colspan='4' align='center'><b>FAILED TESTS</b></td></tr>
<tr><td><b>Test method</b></td>
<td width="30%"><b>Exception</b></td>
<td width="10%"><b>Time (seconds)</b></td>
<td><b>Instance</b></td>
</tr>
<tr>
<td title='FG_RegistrationTest.RegistrationTesting.verifyPasswordContainsAtLeast1Letter()'><b>verifyPasswordContainsAtLeast1Letter</b><br>Test class: FG_RegistrationTest.RegistrationTesting</td>
<td><div><pre>java.lang.AssertionError: actual:Your password must contain at least 1 letter. Please try again.,expected:Your password must contain at least  letter. Please try again., expected:&lt;Your password must contain at least 1 letter. Please try again.&gt; but was:&lt;Your password must contain at least  letter. Please try again.&gt;
	at FG_RegistrationTest.RegistrationTesting.testresult(RegistrationTesting.java:337)
	at FG_RegistrationTest.RegistrationTesting.verifyPasswordContainsAtLeast1Letter(RegistrationTesting.java:177)
	at java.util.concurrent.ThreadPoolExecutor.runWorker(Unknown Source)
	at java.util.concurrent.ThreadPoolExecutor$Worker.run(Unknown Source)
	at java.lang.Thread.run(Unknown Source)
... Removed 11 stack frames</pre></div><a href='#' onClick='toggleBox("stack-trace1989926448", this, "Click to show all stack frames", "Click to hide stack frames")'>Click to show all stack frames</a>
<div class='stack-trace' id='stack-trace1989926448'><pre>java.lang.AssertionError: actual:Your password must contain at least 1 letter. Please try again.,expected:Your password must contain at least  letter. Please try again., expected:&lt;Your password must contain at least 1 letter. Please try again.&gt; but was:&lt;Your password must contain at least  letter. Please try again.&gt;
	at org.testng.AssertJUnit.assertEquals(AssertJUnit.java:101)
	at FG_RegistrationTest.RegistrationTesting.testresult(RegistrationTesting.java:337)
	at FG_RegistrationTest.RegistrationTesting.verifyPasswordContainsAtLeast1Letter(RegistrationTesting.java:177)
	at sun.reflect.NativeMethodAccessorImpl.invoke0(Native Method)
	at sun.reflect.NativeMethodAccessorImpl.invoke(Unknown Source)
	at sun.reflect.DelegatingMethodAccessorImpl.invoke(Unknown Source)
	at java.lang.reflect.Method.invoke(Unknown Source)
	at org.testng.internal.MethodInvocationHelper.invokeMethod(MethodInvocationHelper.java:124)
	at org.testng.internal.Invoker.invokeMethod(Invoker.java:583)
	at org.testng.internal.Invoker.invokeTestMethod(Invoker.java:719)
	at org.testng.internal.Invoker.invokeTestMethods(Invoker.java:989)
	at org.testng.internal.TestMethodWorker.invokeTestMethods(TestMethodWorker.java:125)
	at org.testng.internal.TestMethodWorker.run(TestMethodWorker.java:109)
	at java.util.concurrent.ThreadPoolExecutor.runWorker(Unknown Source)
	at java.util.concurrent.ThreadPoolExecutor$Worker.run(Unknown Source)
	at java.lang.Thread.run(Unknown Source)
</pre></div></td>
<td>113</td>
<td>FG_RegistrationTest.RegistrationTesting@5622fdf</td></tr>
</table><p>
<table width='100%' border='1' class='invocation-passed'>
<tr><td colspan='4' align='center'><b>PASSED TESTS</b></td></tr>
<tr><td><b>Test method</b></td>
<td width="30%"><b>Exception</b></td>
<td width="10%"><b>Time (seconds)</b></td>
<td><b>Instance</b></td>
</tr>
<tr>
<td title='FG_RegistrationTest.RegistrationTesting.verifyEmailConfirmationFelides()'><b>verifyEmailConfirmationFelides</b><br>Test class: FG_RegistrationTest.RegistrationTesting</td>
<td></td>
<td>114</td>
<td>FG_RegistrationTest.RegistrationTesting@5622fdf</td></tr>
<tr>
<td title='FG_RegistrationTest.RegistrationTesting.verifyPasswordContainsAtLeast1Digit()'><b>verifyPasswordContainsAtLeast1Digit</b><br>Test class: FG_RegistrationTest.RegistrationTesting</td>
<td></td>
<td>115</td>
<td>FG_RegistrationTest.RegistrationTesting@5622fdf</td></tr>
</table><p>
<table width='100%' border='1' class='invocation-skipped'>
<tr><td colspan='4' align='center'><b>SKIPPED TESTS</b></td></tr>
<tr><td><b>Test method</b></td>
<td width="30%"><b>Exception</b></td>
<td width="10%"><b>Time (seconds)</b></td>
<td><b>Instance</b></td>
</tr>
<tr>
<td title='FG_RegistrationTest.RegistrationTesting.verifyEmailAddressNotRegistered()'><b>verifyEmailAddressNotRegistered</b><br>Test class: FG_RegistrationTest.RegistrationTesting</td>
<td><div><pre>org.testng.SkipException: not need to test
	at FG_RegistrationTest.RegistrationTesting.verifyEmailAddressNotRegistered(RegistrationTesting.java:226)
	at java.util.concurrent.ThreadPoolExecutor.runWorker(Unknown Source)
	at java.util.concurrent.ThreadPoolExecutor$Worker.run(Unknown Source)
	at java.lang.Thread.run(Unknown Source)
... Removed 10 stack frames</pre></div><a href='#' onClick='toggleBox("stack-trace1120356106", this, "Click to show all stack frames", "Click to hide stack frames")'>Click to show all stack frames</a>
<div class='stack-trace' id='stack-trace1120356106'><pre>org.testng.SkipException: not need to test
	at FG_RegistrationTest.RegistrationTesting.verifyEmailAddressNotRegistered(RegistrationTesting.java:226)
	at sun.reflect.NativeMethodAccessorImpl.invoke0(Native Method)
	at sun.reflect.NativeMethodAccessorImpl.invoke(Unknown Source)
	at sun.reflect.DelegatingMethodAccessorImpl.invoke(Unknown Source)
	at java.lang.reflect.Method.invoke(Unknown Source)
	at org.testng.internal.MethodInvocationHelper.invokeMethod(MethodInvocationHelper.java:124)
	at org.testng.internal.Invoker.invokeMethod(Invoker.java:583)
	at org.testng.internal.Invoker.invokeTestMethod(Invoker.java:719)
	at org.testng.internal.Invoker.invokeTestMethods(Invoker.java:989)
	at org.testng.internal.TestMethodWorker.invokeTestMethods(TestMethodWorker.java:125)
	at org.testng.internal.TestMethodWorker.run(TestMethodWorker.java:109)
	at java.util.concurrent.ThreadPoolExecutor.runWorker(Unknown Source)
	at java.util.concurrent.ThreadPoolExecutor$Worker.run(Unknown Source)
	at java.lang.Thread.run(Unknown Source)
</pre></div></td>
<td>0</td>
<td>FG_RegistrationTest.RegistrationTesting@5622fdf</td></tr>
<tr>
<td title='FG_RegistrationTest.RegistrationTesting.verifyEmptyRegistrationFields()'><b>verifyEmptyRegistrationFields</b><br>Test class: FG_RegistrationTest.RegistrationTesting</td>
<td><div><pre>org.testng.SkipException: not need to test
	at FG_RegistrationTest.RegistrationTesting.verifyEmptyRegistrationFields(RegistrationTesting.java:240)
	at java.util.concurrent.ThreadPoolExecutor.runWorker(Unknown Source)
	at java.util.concurrent.ThreadPoolExecutor$Worker.run(Unknown Source)
	at java.lang.Thread.run(Unknown Source)
... Removed 10 stack frames</pre></div><a href='#' onClick='toggleBox("stack-trace361564491", this, "Click to show all stack frames", "Click to hide stack frames")'>Click to show all stack frames</a>
<div class='stack-trace' id='stack-trace361564491'><pre>org.testng.SkipException: not need to test
	at FG_RegistrationTest.RegistrationTesting.verifyEmptyRegistrationFields(RegistrationTesting.java:240)
	at sun.reflect.NativeMethodAccessorImpl.invoke0(Native Method)
	at sun.reflect.NativeMethodAccessorImpl.invoke(Unknown Source)
	at sun.reflect.DelegatingMethodAccessorImpl.invoke(Unknown Source)
	at java.lang.reflect.Method.invoke(Unknown Source)
	at org.testng.internal.MethodInvocationHelper.invokeMethod(MethodInvocationHelper.java:124)
	at org.testng.internal.Invoker.invokeMethod(Invoker.java:583)
	at org.testng.internal.Invoker.invokeTestMethod(Invoker.java:719)
	at org.testng.internal.Invoker.invokeTestMethods(Invoker.java:989)
	at org.testng.internal.TestMethodWorker.invokeTestMethods(TestMethodWorker.java:125)
	at org.testng.internal.TestMethodWorker.run(TestMethodWorker.java:109)
	at java.util.concurrent.ThreadPoolExecutor.runWorker(Unknown Source)
	at java.util.concurrent.ThreadPoolExecutor$Worker.run(Unknown Source)
	at java.lang.Thread.run(Unknown Source)
</pre></div></td>
<td>0</td>
<td>FG_RegistrationTest.RegistrationTesting@5622fdf</td></tr>
<tr>
<td title='FG_RegistrationTest.RegistrationTesting.verifyEmptyRegistrationInfoFields()'><b>verifyEmptyRegistrationInfoFields</b><br>Test class: FG_RegistrationTest.RegistrationTesting</td>
<td><div><pre>org.testng.SkipException: not need to test
	at FG_RegistrationTest.RegistrationTesting.verifyEmptyRegistrationInfoFields(RegistrationTesting.java:257)
	at java.util.concurrent.ThreadPoolExecutor.runWorker(Unknown Source)
	at java.util.concurrent.ThreadPoolExecutor$Worker.run(Unknown Source)
	at java.lang.Thread.run(Unknown Source)
... Removed 10 stack frames</pre></div><a href='#' onClick='toggleBox("stack-trace1812375540", this, "Click to show all stack frames", "Click to hide stack frames")'>Click to show all stack frames</a>
<div class='stack-trace' id='stack-trace1812375540'><pre>org.testng.SkipException: not need to test
	at FG_RegistrationTest.RegistrationTesting.verifyEmptyRegistrationInfoFields(RegistrationTesting.java:257)
	at sun.reflect.NativeMethodAccessorImpl.invoke0(Native Method)
	at sun.reflect.NativeMethodAccessorImpl.invoke(Unknown Source)
	at sun.reflect.DelegatingMethodAccessorImpl.invoke(Unknown Source)
	at java.lang.reflect.Method.invoke(Unknown Source)
	at org.testng.internal.MethodInvocationHelper.invokeMethod(MethodInvocationHelper.java:124)
	at org.testng.internal.Invoker.invokeMethod(Invoker.java:583)
	at org.testng.internal.Invoker.invokeTestMethod(Invoker.java:719)
	at org.testng.internal.Invoker.invokeTestMethods(Invoker.java:989)
	at org.testng.internal.TestMethodWorker.invokeTestMethods(TestMethodWorker.java:125)
	at org.testng.internal.TestMethodWorker.run(TestMethodWorker.java:109)
	at java.util.concurrent.ThreadPoolExecutor.runWorker(Unknown Source)
	at java.util.concurrent.ThreadPoolExecutor$Worker.run(Unknown Source)
	at java.lang.Thread.run(Unknown Source)
</pre></div></td>
<td>0</td>
<td>FG_RegistrationTest.RegistrationTesting@5622fdf</td></tr>
<tr>
<td title='FG_RegistrationTest.RegistrationTesting.verifyErrZipCodeRegistration()'><b>verifyErrZipCodeRegistration</b><br>Test class: FG_RegistrationTest.RegistrationTesting</td>
<td><div><pre>org.testng.SkipException: not need to test
	at FG_RegistrationTest.RegistrationTesting.verifyErrZipCodeRegistration(RegistrationTesting.java:294)
	at java.util.concurrent.ThreadPoolExecutor.runWorker(Unknown Source)
	at java.util.concurrent.ThreadPoolExecutor$Worker.run(Unknown Source)
	at java.lang.Thread.run(Unknown Source)
... Removed 10 stack frames</pre></div><a href='#' onClick='toggleBox("stack-trace1931829282", this, "Click to show all stack frames", "Click to hide stack frames")'>Click to show all stack frames</a>
<div class='stack-trace' id='stack-trace1931829282'><pre>org.testng.SkipException: not need to test
	at FG_RegistrationTest.RegistrationTesting.verifyErrZipCodeRegistration(RegistrationTesting.java:294)
	at sun.reflect.NativeMethodAccessorImpl.invoke0(Native Method)
	at sun.reflect.NativeMethodAccessorImpl.invoke(Unknown Source)
	at sun.reflect.DelegatingMethodAccessorImpl.invoke(Unknown Source)
	at java.lang.reflect.Method.invoke(Unknown Source)
	at org.testng.internal.MethodInvocationHelper.invokeMethod(MethodInvocationHelper.java:124)
	at org.testng.internal.Invoker.invokeMethod(Invoker.java:583)
	at org.testng.internal.Invoker.invokeTestMethod(Invoker.java:719)
	at org.testng.internal.Invoker.invokeTestMethods(Invoker.java:989)
	at org.testng.internal.TestMethodWorker.invokeTestMethods(TestMethodWorker.java:125)
	at org.testng.internal.TestMethodWorker.run(TestMethodWorker.java:109)
	at java.util.concurrent.ThreadPoolExecutor.runWorker(Unknown Source)
	at java.util.concurrent.ThreadPoolExecutor$Worker.run(Unknown Source)
	at java.lang.Thread.run(Unknown Source)
</pre></div></td>
<td>0</td>
<td>FG_RegistrationTest.RegistrationTesting@5622fdf</td></tr>
<tr>
<td title='FG_RegistrationTest.RegistrationTesting.verifyInvalidEmail()'><b>verifyInvalidEmail</b><br>Test class: FG_RegistrationTest.RegistrationTesting</td>
<td><div><pre>org.testng.SkipException: not need to test
	at FG_RegistrationTest.RegistrationTesting.verifyInvalidEmail(RegistrationTesting.java:123)
	at java.util.concurrent.ThreadPoolExecutor.runWorker(Unknown Source)
	at java.util.concurrent.ThreadPoolExecutor$Worker.run(Unknown Source)
	at java.lang.Thread.run(Unknown Source)
... Removed 10 stack frames</pre></div><a href='#' onClick='toggleBox("stack-trace343936495", this, "Click to show all stack frames", "Click to hide stack frames")'>Click to show all stack frames</a>
<div class='stack-trace' id='stack-trace343936495'><pre>org.testng.SkipException: not need to test
	at FG_RegistrationTest.RegistrationTesting.verifyInvalidEmail(RegistrationTesting.java:123)
	at sun.reflect.NativeMethodAccessorImpl.invoke0(Native Method)
	at sun.reflect.NativeMethodAccessorImpl.invoke(Unknown Source)
	at sun.reflect.DelegatingMethodAccessorImpl.invoke(Unknown Source)
	at java.lang.reflect.Method.invoke(Unknown Source)
	at org.testng.internal.MethodInvocationHelper.invokeMethod(MethodInvocationHelper.java:124)
	at org.testng.internal.Invoker.invokeMethod(Invoker.java:583)
	at org.testng.internal.Invoker.invokeTestMethod(Invoker.java:719)
	at org.testng.internal.Invoker.invokeTestMethods(Invoker.java:989)
	at org.testng.internal.TestMethodWorker.invokeTestMethods(TestMethodWorker.java:125)
	at org.testng.internal.TestMethodWorker.run(TestMethodWorker.java:109)
	at java.util.concurrent.ThreadPoolExecutor.runWorker(Unknown Source)
	at java.util.concurrent.ThreadPoolExecutor$Worker.run(Unknown Source)
	at java.lang.Thread.run(Unknown Source)
</pre></div></td>
<td>0</td>
<td>FG_RegistrationTest.RegistrationTesting@5622fdf</td></tr>
<tr>
<td title='FG_RegistrationTest.RegistrationTesting.verifyPasswordConfirmationFiled()'><b>verifyPasswordConfirmationFiled</b><br>Test class: FG_RegistrationTest.RegistrationTesting</td>
<td><div><pre>org.testng.SkipException: not need to test
	at FG_RegistrationTest.RegistrationTesting.verifyPasswordConfirmationFiled(RegistrationTesting.java:212)
	at java.util.concurrent.ThreadPoolExecutor.runWorker(Unknown Source)
	at java.util.concurrent.ThreadPoolExecutor$Worker.run(Unknown Source)
	at java.lang.Thread.run(Unknown Source)
... Removed 10 stack frames</pre></div><a href='#' onClick='toggleBox("stack-trace1440361992", this, "Click to show all stack frames", "Click to hide stack frames")'>Click to show all stack frames</a>
<div class='stack-trace' id='stack-trace1440361992'><pre>org.testng.SkipException: not need to test
	at FG_RegistrationTest.RegistrationTesting.verifyPasswordConfirmationFiled(RegistrationTesting.java:212)
	at sun.reflect.NativeMethodAccessorImpl.invoke0(Native Method)
	at sun.reflect.NativeMethodAccessorImpl.invoke(Unknown Source)
	at sun.reflect.DelegatingMethodAccessorImpl.invoke(Unknown Source)
	at java.lang.reflect.Method.invoke(Unknown Source)
	at org.testng.internal.MethodInvocationHelper.invokeMethod(MethodInvocationHelper.java:124)
	at org.testng.internal.Invoker.invokeMethod(Invoker.java:583)
	at org.testng.internal.Invoker.invokeTestMethod(Invoker.java:719)
	at org.testng.internal.Invoker.invokeTestMethods(Invoker.java:989)
	at org.testng.internal.TestMethodWorker.invokeTestMethods(TestMethodWorker.java:125)
	at org.testng.internal.TestMethodWorker.run(TestMethodWorker.java:109)
	at java.util.concurrent.ThreadPoolExecutor.runWorker(Unknown Source)
	at java.util.concurrent.ThreadPoolExecutor$Worker.run(Unknown Source)
	at java.lang.Thread.run(Unknown Source)
</pre></div></td>
<td>0</td>
<td>FG_RegistrationTest.RegistrationTesting@5622fdf</td></tr>
<tr>
<td title='FG_RegistrationTest.RegistrationTesting.verifyPasswordContainsAtLeast6Characters()'><b>verifyPasswordContainsAtLeast6Characters</b><br>Test class: FG_RegistrationTest.RegistrationTesting</td>
<td><div><pre>org.testng.SkipException: not need to test
	at FG_RegistrationTest.RegistrationTesting.verifyPasswordContainsAtLeast6Characters(RegistrationTesting.java:183)
	at java.util.concurrent.ThreadPoolExecutor.runWorker(Unknown Source)
	at java.util.concurrent.ThreadPoolExecutor$Worker.run(Unknown Source)
	at java.lang.Thread.run(Unknown Source)
... Removed 10 stack frames</pre></div><a href='#' onClick='toggleBox("stack-trace1055552299", this, "Click to show all stack frames", "Click to hide stack frames")'>Click to show all stack frames</a>
<div class='stack-trace' id='stack-trace1055552299'><pre>org.testng.SkipException: not need to test
	at FG_RegistrationTest.RegistrationTesting.verifyPasswordContainsAtLeast6Characters(RegistrationTesting.java:183)
	at sun.reflect.NativeMethodAccessorImpl.invoke0(Native Method)
	at sun.reflect.NativeMethodAccessorImpl.invoke(Unknown Source)
	at sun.reflect.DelegatingMethodAccessorImpl.invoke(Unknown Source)
	at java.lang.reflect.Method.invoke(Unknown Source)
	at org.testng.internal.MethodInvocationHelper.invokeMethod(MethodInvocationHelper.java:124)
	at org.testng.internal.Invoker.invokeMethod(Invoker.java:583)
	at org.testng.internal.Invoker.invokeTestMethod(Invoker.java:719)
	at org.testng.internal.Invoker.invokeTestMethods(Invoker.java:989)
	at org.testng.internal.TestMethodWorker.invokeTestMethods(TestMethodWorker.java:125)
	at org.testng.internal.TestMethodWorker.run(TestMethodWorker.java:109)
	at java.util.concurrent.ThreadPoolExecutor.runWorker(Unknown Source)
	at java.util.concurrent.ThreadPoolExecutor$Worker.run(Unknown Source)
	at java.lang.Thread.run(Unknown Source)
</pre></div></td>
<td>0</td>
<td>FG_RegistrationTest.RegistrationTesting@5622fdf</td></tr>
<tr>
<td title='FG_RegistrationTest.RegistrationTesting.verifyPasswordNotContainsSameCharacter4Time()'><b>verifyPasswordNotContainsSameCharacter4Time</b><br>Test class: FG_RegistrationTest.RegistrationTesting</td>
<td><div><pre>org.testng.SkipException: not need to test
	at FG_RegistrationTest.RegistrationTesting.verifyPasswordNotContainsSameCharacter4Time(RegistrationTesting.java:197)
	at java.util.concurrent.ThreadPoolExecutor.runWorker(Unknown Source)
	at java.util.concurrent.ThreadPoolExecutor$Worker.run(Unknown Source)
	at java.lang.Thread.run(Unknown Source)
... Removed 10 stack frames</pre></div><a href='#' onClick='toggleBox("stack-trace720542761", this, "Click to show all stack frames", "Click to hide stack frames")'>Click to show all stack frames</a>
<div class='stack-trace' id='stack-trace720542761'><pre>org.testng.SkipException: not need to test
	at FG_RegistrationTest.RegistrationTesting.verifyPasswordNotContainsSameCharacter4Time(RegistrationTesting.java:197)
	at sun.reflect.NativeMethodAccessorImpl.invoke0(Native Method)
	at sun.reflect.NativeMethodAccessorImpl.invoke(Unknown Source)
	at sun.reflect.DelegatingMethodAccessorImpl.invoke(Unknown Source)
	at java.lang.reflect.Method.invoke(Unknown Source)
	at org.testng.internal.MethodInvocationHelper.invokeMethod(MethodInvocationHelper.java:124)
	at org.testng.internal.Invoker.invokeMethod(Invoker.java:583)
	at org.testng.internal.Invoker.invokeTestMethod(Invoker.java:719)
	at org.testng.internal.Invoker.invokeTestMethods(Invoker.java:989)
	at org.testng.internal.TestMethodWorker.invokeTestMethods(TestMethodWorker.java:125)
	at org.testng.internal.TestMethodWorker.run(TestMethodWorker.java:109)
	at java.util.concurrent.ThreadPoolExecutor.runWorker(Unknown Source)
	at java.util.concurrent.ThreadPoolExecutor$Worker.run(Unknown Source)
	at java.lang.Thread.run(Unknown Source)
</pre></div></td>
<td>0</td>
<td>FG_RegistrationTest.RegistrationTesting@5622fdf</td></tr>
<tr>
<td title='FG_RegistrationTest.RegistrationTesting.verifyssucsessregistration()'><b>verifyssucsessregistration</b><br>Test class: FG_RegistrationTest.RegistrationTesting</td>
<td><div><pre>org.testng.SkipException: not need to test
	at FG_RegistrationTest.RegistrationTesting.verifyssucsessregistration(RegistrationTesting.java:82)
	at java.util.concurrent.ThreadPoolExecutor.runWorker(Unknown Source)
	at java.util.concurrent.ThreadPoolExecutor$Worker.run(Unknown Source)
	at java.lang.Thread.run(Unknown Source)
... Removed 10 stack frames</pre></div><a href='#' onClick='toggleBox("stack-trace518912543", this, "Click to show all stack frames", "Click to hide stack frames")'>Click to show all stack frames</a>
<div class='stack-trace' id='stack-trace518912543'><pre>org.testng.SkipException: not need to test
	at FG_RegistrationTest.RegistrationTesting.verifyssucsessregistration(RegistrationTesting.java:82)
	at sun.reflect.NativeMethodAccessorImpl.invoke0(Native Method)
	at sun.reflect.NativeMethodAccessorImpl.invoke(Unknown Source)
	at sun.reflect.DelegatingMethodAccessorImpl.invoke(Unknown Source)
	at java.lang.reflect.Method.invoke(Unknown Source)
	at org.testng.internal.MethodInvocationHelper.invokeMethod(MethodInvocationHelper.java:124)
	at org.testng.internal.Invoker.invokeMethod(Invoker.java:583)
	at org.testng.internal.Invoker.invokeTestMethod(Invoker.java:719)
	at org.testng.internal.Invoker.invokeTestMethods(Invoker.java:989)
	at org.testng.internal.TestMethodWorker.invokeTestMethods(TestMethodWorker.java:125)
	at org.testng.internal.TestMethodWorker.run(TestMethodWorker.java:109)
	at java.util.concurrent.ThreadPoolExecutor.runWorker(Unknown Source)
	at java.util.concurrent.ThreadPoolExecutor$Worker.run(Unknown Source)
	at java.lang.Thread.run(Unknown Source)
</pre></div></td>
<td>0</td>
<td>FG_RegistrationTest.RegistrationTesting@5622fdf</td></tr>
</table><p>
</body>
</html>