<?xml version="1.0" encoding="UTF-8"?>
<!-- Generated by org.testng.reporters.JUnitXMLReporter -->
<testsuite hostname="MAIS-JARADAT" ignored="0" name="RegistrationTesting" tests="12" failures="1" timestamp="15 يول 2019 13:49:53 GMT" time="133.661" errors="0">
  <testcase name="verifyEmailAddressNotRegistered" time="0.016" classname="FG_RegistrationTest.RegistrationTesting">
    <skipped/>
  </testcase> <!-- verifyEmailAddressNotRegistered -->
  <testcase name="verifyEmptyRegistrationFields" time="0.027" classname="FG_RegistrationTest.RegistrationTesting">
    <skipped/>
  </testcase> <!-- verifyEmptyRegistrationFields -->
  <testcase name="verifyErrZipCodeRegistration" time="0.005" classname="FG_RegistrationTest.RegistrationTesting">
    <skipped/>
  </testcase> <!-- verifyErrZipCodeRegistration -->
  <testcase name="verifyEmptyRegistrationInfoFields" time="0.019" classname="FG_RegistrationTest.RegistrationTesting">
    <skipped/>
  </testcase> <!-- verifyEmptyRegistrationInfoFields -->
  <testcase name="verifyInvalidEmail" time="0.006" classname="FG_RegistrationTest.RegistrationTesting">
    <skipped/>
  </testcase> <!-- verifyInvalidEmail -->
  <testcase name="verifyPasswordConfirmationFiled" time="0.006" classname="FG_RegistrationTest.RegistrationTesting">
    <skipped/>
  </testcase> <!-- verifyPasswordConfirmationFiled -->
  <testcase name="verifyEmailConfirmationFelides" time="114.614" classname="FG_RegistrationTest.RegistrationTesting"/>
  <testcase name="verifyPasswordContainsAtLeast6Characters" time="0.006" classname="FG_RegistrationTest.RegistrationTesting">
    <skipped/>
  </testcase> <!-- verifyPasswordContainsAtLeast6Characters -->
  <testcase name="verifyPasswordNotContainsSameCharacter4Time" time="0.007" classname="FG_RegistrationTest.RegistrationTesting">
    <skipped/>
  </testcase> <!-- verifyPasswordNotContainsSameCharacter4Time -->
  <testcase name="verifyssucsessregistration" time="0.002" classname="FG_RegistrationTest.RegistrationTesting">
    <skipped/>
  </testcase> <!-- verifyssucsessregistration -->
  <testcase name="verifyPasswordContainsAtLeast1Digit" time="115.849" classname="FG_RegistrationTest.RegistrationTesting"/>
  <testcase name="verifyPasswordContainsAtLeast1Letter" time="113.017" classname="FG_RegistrationTest.RegistrationTesting">
    <failure type="java.lang.AssertionError" message="actual:Your password must contain at least 1 letter. Please try again.,expected:Your password must contain at least  letter. Please try again., expected:&amp;lt;Your password must contain at least 1 letter. Please try again.&amp;gt; but was:&amp;lt;Your password must contain at least  letter. Please try again.&amp;gt;">
      <![CDATA[java.lang.AssertionError: actual:Your password must contain at least 1 letter. Please try again.,expected:Your password must contain at least  letter. Please try again., expected:<Your password must contain at least 1 letter. Please try again.> but was:<Your password must contain at least  letter. Please try again.>
at FG_RegistrationTest.RegistrationTesting.testresult(RegistrationTesting.java:337)
at FG_RegistrationTest.RegistrationTesting.verifyPasswordContainsAtLeast1Letter(RegistrationTesting.java:177)
at java.util.concurrent.ThreadPoolExecutor.runWorker(Unknown Source)
at java.util.concurrent.ThreadPoolExecutor$Worker.run(Unknown Source)
at java.lang.Thread.run(Unknown Source)
... Removed 11 stack frames]]>
    </failure>
  </testcase> <!-- verifyPasswordContainsAtLeast1Letter -->
</testsuite> <!-- RegistrationTesting -->
