<html><body><h1>Registration Report</h1><table border ='1'><tr><h2>Failed Test</h2></tr><tr><td>Class</td><td>Method</td><td>Time (ms)</td><td>Exception</td></tr> <tr bgcolor="red"><td>[TestClass name=class FG_RegistrationTest.RegistrationTesting]</td><td>verifyErrZipCodeRegistration</td><td>56611</td><td>java.lang.AssertionError: expected:<Please enter a valid Zip/Postal code for the selected state.> but was:<Please enter a valid Zip/Postal code for the selecte state.><a href=C:\Users\me\workspace\FG_Registration\screenshot-459171491.png>[SCREEN SHOT]</a></td></tr></table><table border ='1'><tr><h2>Passed Test</h2></tr><tr><td>Class</td><td>Method</td><td>Time (ms)</td><td>Exception</td></tr> <tr bgcolor="#5FFF33"><td>[TestClass name=class FG_RegistrationTest.RegistrationTesting]</td><td>verifyEmptyRegistrationInfoFields</td><td>108052</td></td></td></tr></table><table border ='1'><tr><h2>skipped Test</h2></tr><tr><td>Class</td><td>Method</td><td>Time (ms)</td><td>Exception</td></tr> <tr bgcolor="yellow"><td>[TestClass name=class FG_RegistrationTest.RegistrationTesting]</td><td>verifyEmailAddressNotRegistered</td><td>172</td><td>org.testng.SkipException: not need to test</td></tr> <tr bgcolor="yellow"><td>[TestClass name=class FG_RegistrationTest.RegistrationTesting]</td><td>verifyEmailConfirmationFelides</td><td>9</td><td>org.testng.SkipException: not need to test</td></tr> <tr bgcolor="yellow"><td>[TestClass name=class FG_RegistrationTest.RegistrationTesting]</td><td>verifyEmptyRegistrationFields</td><td>3</td><td>org.testng.SkipException: not need to test</td></tr> <tr bgcolor="yellow"><td>[TestClass name=class FG_RegistrationTest.RegistrationTesting]</td><td>verifyInvalidEmail</td><td>6</td><td>org.testng.SkipException: not need to test</td></tr> <tr bgcolor="yellow"><td>[TestClass name=class FG_RegistrationTest.RegistrationTesting]</td><td>verifyPasswordConfirmationFiled</td><td>3</td><td>org.testng.SkipException: not need to test</td></tr> <tr bgcolor="yellow"><td>[TestClass name=class FG_RegistrationTest.RegistrationTesting]</td><td>verifyPasswordContainsAtLeast1Digit</td><td>9</td><td>org.testng.SkipException: not need to test</td></tr> <tr bgcolor="yellow"><td>[TestClass name=class FG_RegistrationTest.RegistrationTesting]</td><td>verifyPasswordContainsAtLeast1Letter</td><td>3</td><td>org.testng.SkipException: not need to test</td></tr> <tr bgcolor="yellow"><td>[TestClass name=class FG_RegistrationTest.RegistrationTesting]</td><td>verifyPasswordContainsAtLeast6Characters</td><td>2</td><td>org.testng.SkipException: not need to test</td></tr> <tr bgcolor="yellow"><td>[TestClass name=class FG_RegistrationTest.RegistrationTesting]</td><td>verifyPasswordNotContainsSameCharacter4Time</td><td>6</td><td>org.testng.SkipException: not need to test</td></tr> <tr bgcolor="yellow"><td>[TestClass name=class FG_RegistrationTest.RegistrationTesting]</td><td>verifyssucsessregistration</td><td>5</td><td>org.testng.SkipException: not need to test</td></tr></table></body></html>