<?xml version="1.0" encoding="UTF-8"?>
<!-- Generated by org.testng.reporters.JUnitXMLReporter -->
<testsuite hostname="MAIS-JARADAT" ignored="0" name="chromeRegistrationTesting" tests="12" failures="3" timestamp="24 يول 2019 07:04:55 GMT" time="575.795" errors="0">
  <testcase name="regTest" time="0.322" classname="FG_RegistrationTest.RegistrationTesting">
    <skipped/>
  </testcase> <!-- regTest -->
  <testcase name="regTest" time="0.007" classname="FG_RegistrationTest.RegistrationTesting">
    <skipped/>
  </testcase> <!-- regTest -->
  <testcase name="regTest" time="121.311" classname="FG_RegistrationTest.RegistrationTesting">
    <failure type="org.openqa.selenium.WebDriverException" message="unknown error: unable to discover open pages
Build info: version: &amp;apos;3.141.59&amp;apos;, revision: &amp;apos;e82be7d358&amp;apos;, time: &amp;apos;2018-11-14T08:25:53&amp;apos;
System info: host: &amp;apos;MAIS-JARADAT&amp;apos;, ip: &amp;apos;10.20.20.82&amp;apos;, os.name: &amp;apos;Windows 10&amp;apos;, os.arch: &amp;apos;amd64&amp;apos;, os.version: &amp;apos;10.0&amp;apos;, java.version: &amp;apos;1.8.0_121&amp;apos;
Driver info: driver.version: ChromeDriver
remote stacktrace: Backtrace:
	Ordinal0 [0x00F31B23+1448739]
	Ordinal0 [0x00EB5A11+940561]
	Ordinal0 [0x00E42293+467603]
	Ordinal0 [0x00DDF1DA+61914]
	Ordinal0 [0x00DDBBBD+48061]
	Ordinal0 [0x00DF8D19+167193]
	Ordinal0 [0x00DF88ED+166125]
	Ordinal0 [0x00DF6FFB+159739]
	Ordinal0 [0x00DE09F6+68086]
	Ordinal0 [0x00DE1990+72080]
	Ordinal0 [0x00DE1929+71977]
	GetHandleVerifier [0x01072E4C+1172140]
	GetHandleVerifier [0x00FCFE35+504469]
	GetHandleVerifier [0x00FCFBD0+503856]
	Ordinal0 [0x00F3C9A8+1493416]
	GetHandleVerifier [0x00FD060A+506474]
	Ordinal0 [0x00EC7136+1012022]
	Ordinal0 [0x00EC6FAF+1011631]
	Ordinal0 [0x00ED133B+1053499]
	Ordinal0 [0x00ED14A3+1053859]
	Ordinal0 [0x00ED04D5+1049813]
	BaseThreadInitThunk [0x764B8494+36]
	RtlAreBitsSet [0x773041C8+136]
	RtlAreBitsSet [0x77304198+88]
">
      <![CDATA[org.openqa.selenium.WebDriverException: unknown error: unable to discover open pages
Build info: version: '3.141.59', revision: 'e82be7d358', time: '2018-11-14T08:25:53'
System info: host: 'MAIS-JARADAT', ip: '10.20.20.82', os.name: 'Windows 10', os.arch: 'amd64', os.version: '10.0', java.version: '1.8.0_121'
Driver info: driver.version: ChromeDriver
remote stacktrace: Backtrace:
Ordinal0 [0x00F31B23+1448739]
Ordinal0 [0x00EB5A11+940561]
Ordinal0 [0x00E42293+467603]
Ordinal0 [0x00DDF1DA+61914]
Ordinal0 [0x00DDBBBD+48061]
Ordinal0 [0x00DF8D19+167193]
Ordinal0 [0x00DF88ED+166125]
Ordinal0 [0x00DF6FFB+159739]
Ordinal0 [0x00DE09F6+68086]
Ordinal0 [0x00DE1990+72080]
Ordinal0 [0x00DE1929+71977]
GetHandleVerifier [0x01072E4C+1172140]
GetHandleVerifier [0x00FCFE35+504469]
GetHandleVerifier [0x00FCFBD0+503856]
Ordinal0 [0x00F3C9A8+1493416]
GetHandleVerifier [0x00FD060A+506474]
Ordinal0 [0x00EC7136+1012022]
Ordinal0 [0x00EC6FAF+1011631]
Ordinal0 [0x00ED133B+1053499]
Ordinal0 [0x00ED14A3+1053859]
Ordinal0 [0x00ED04D5+1049813]
BaseThreadInitThunk [0x764B8494+36]
RtlAreBitsSet [0x773041C8+136]
RtlAreBitsSet [0x77304198+88]

at org.openqa.selenium.remote.W3CHandshakeResponse.lambda$errorHandler$0(W3CHandshakeResponse.java:62)
at org.openqa.selenium.remote.HandshakeResponse.lambda$getResponseFunction$0(HandshakeResponse.java:30)
at org.openqa.selenium.remote.ProtocolHandshake.lambda$createSession$0(ProtocolHandshake.java:126)
at java.util.stream.ReferencePipeline$3$1.accept(Unknown Source)
at java.util.Spliterators$ArraySpliterator.tryAdvance(Unknown Source)
at java.util.stream.ReferencePipeline.forEachWithCancel(Unknown Source)
at java.util.stream.AbstractPipeline.copyIntoWithCancel(Unknown Source)
at java.util.stream.AbstractPipeline.copyInto(Unknown Source)
at java.util.stream.AbstractPipeline.wrapAndCopyInto(Unknown Source)
at java.util.stream.FindOps$FindOp.evaluateSequential(Unknown Source)
at java.util.stream.AbstractPipeline.evaluate(Unknown Source)
at java.util.stream.ReferencePipeline.findFirst(Unknown Source)
at org.openqa.selenium.remote.ProtocolHandshake.createSession(ProtocolHandshake.java:128)
at org.openqa.selenium.remote.ProtocolHandshake.createSession(ProtocolHandshake.java:74)
at org.openqa.selenium.remote.HttpCommandExecutor.execute(HttpCommandExecutor.java:136)
at org.openqa.selenium.remote.service.DriverCommandExecutor.execute(DriverCommandExecutor.java:83)
at org.openqa.selenium.remote.RemoteWebDriver.execute(RemoteWebDriver.java:552)
at org.openqa.selenium.remote.RemoteWebDriver.startSession(RemoteWebDriver.java:213)
at org.openqa.selenium.remote.RemoteWebDriver.<init>(RemoteWebDriver.java:131)
at org.openqa.selenium.chrome.ChromeDriver.<init>(ChromeDriver.java:181)
at org.openqa.selenium.chrome.ChromeDriver.<init>(ChromeDriver.java:168)
at org.openqa.selenium.chrome.ChromeDriver.<init>(ChromeDriver.java:157)
at FG_RegistrationTest.RegistrationTesting.regTest(RegistrationTesting.java:104)
at java.util.concurrent.FutureTask.run(Unknown Source)
at java.util.concurrent.ThreadPoolExecutor.runWorker(Unknown Source)
at java.util.concurrent.ThreadPoolExecutor$Worker.run(Unknown Source)
at java.lang.Thread.run(Unknown Source)
... Removed 20 stack frames]]>
    </failure>
  </testcase> <!-- regTest -->
  <testcase name="regTest" time="174.026" classname="FG_RegistrationTest.RegistrationTesting">
    <failure type="java.lang.AssertionError" message="actual:The Email Addresses you entered do not match. Please try again.,expected:The Email Addresses you entred do not match. Please try again., expected:&amp;lt;The Email Addresses you entered do not match. Please try again.&amp;gt; but was:&amp;lt;The Email Addresses you entred do not match. Please try again.&amp;gt;">
      <![CDATA[java.lang.AssertionError: actual:The Email Addresses you entered do not match. Please try again.,expected:The Email Addresses you entred do not match. Please try again., expected:<The Email Addresses you entered do not match. Please try again.> but was:<The Email Addresses you entred do not match. Please try again.>
at FG_RegistrationTest.RegistrationTesting.testresult(RegistrationTesting.java:334)
at FG_RegistrationTest.RegistrationTesting.regTest(RegistrationTesting.java:180)
at java.util.concurrent.FutureTask.run(Unknown Source)
at java.util.concurrent.ThreadPoolExecutor.runWorker(Unknown Source)
at java.util.concurrent.ThreadPoolExecutor$Worker.run(Unknown Source)
at java.lang.Thread.run(Unknown Source)
... Removed 17 stack frames]]>
    </failure>
  </testcase> <!-- regTest -->
  <testcase name="regTest" time="98.916" classname="FG_RegistrationTest.RegistrationTesting">
    <failure type="org.openqa.selenium.NoSuchElementException" message="no such element: Unable to locate element: {&amp;quot;method&amp;quot;:&amp;quot;css selector&amp;quot;,&amp;quot;selector&amp;quot;:&amp;quot;#logonId&amp;quot;}
  (Session info: chrome=75.0.3770.142)
For documentation on this error, please visit: https://www.seleniumhq.org/exceptions/no_such_element.html
Build info: version: &amp;apos;3.141.59&amp;apos;, revision: &amp;apos;e82be7d358&amp;apos;, time: &amp;apos;2018-11-14T08:25:53&amp;apos;
System info: host: &amp;apos;MAIS-JARADAT&amp;apos;, ip: &amp;apos;10.20.20.82&amp;apos;, os.name: &amp;apos;Windows 10&amp;apos;, os.arch: &amp;apos;amd64&amp;apos;, os.version: &amp;apos;10.0&amp;apos;, java.version: &amp;apos;1.8.0_121&amp;apos;
Driver info: org.openqa.selenium.chrome.ChromeDriver
Capabilities {acceptInsecureCerts: false, browserName: chrome, browserVersion: 75.0.3770.142, chrome: {chromedriverVersion: 75.0.3770.90 (a6dcaf7e3ec6f..., userDataDir: C:\Users\me\AppData\Local\T...}, goog:chromeOptions: {debuggerAddress: localhost:62436}, javascriptEnabled: true, networkConnectionEnabled: false, pageLoadStrategy: normal, platform: XP, platformName: XP, proxy: Proxy(), setWindowRect: true, strictFileInteractability: false, timeouts: {implicit: 0, pageLoad: 300000, script: 30000}, unhandledPromptBehavior: dismiss and notify}
Session ID: 007903645f4b92123ceab392f530962f
*** Element info: {Using=id, value=logonId}">
      <![CDATA[org.openqa.selenium.NoSuchElementException: no such element: Unable to locate element: {"method":"css selector","selector":"#logonId"}
  (Session info: chrome=75.0.3770.142)
For documentation on this error, please visit: https://www.seleniumhq.org/exceptions/no_such_element.html
Build info: version: '3.141.59', revision: 'e82be7d358', time: '2018-11-14T08:25:53'
System info: host: 'MAIS-JARADAT', ip: '10.20.20.82', os.name: 'Windows 10', os.arch: 'amd64', os.version: '10.0', java.version: '1.8.0_121'
Driver info: org.openqa.selenium.chrome.ChromeDriver
Capabilities {acceptInsecureCerts: false, browserName: chrome, browserVersion: 75.0.3770.142, chrome: {chromedriverVersion: 75.0.3770.90 (a6dcaf7e3ec6f..., userDataDir: C:\Users\me\AppData\Local\T...}, goog:chromeOptions: {debuggerAddress: localhost:62436}, javascriptEnabled: true, networkConnectionEnabled: false, pageLoadStrategy: normal, platform: XP, platformName: XP, proxy: Proxy(), setWindowRect: true, strictFileInteractability: false, timeouts: {implicit: 0, pageLoad: 300000, script: 30000}, unhandledPromptBehavior: dismiss and notify}
Session ID: 007903645f4b92123ceab392f530962f
*** Element info: {Using=id, value=logonId}
at org.openqa.selenium.remote.http.W3CHttpResponseCodec.createException(W3CHttpResponseCodec.java:187)
at org.openqa.selenium.remote.http.W3CHttpResponseCodec.decode(W3CHttpResponseCodec.java:122)
at org.openqa.selenium.remote.http.W3CHttpResponseCodec.decode(W3CHttpResponseCodec.java:49)
at org.openqa.selenium.remote.HttpCommandExecutor.execute(HttpCommandExecutor.java:158)
at org.openqa.selenium.remote.service.DriverCommandExecutor.execute(DriverCommandExecutor.java:83)
at org.openqa.selenium.remote.RemoteWebDriver.execute(RemoteWebDriver.java:552)
at org.openqa.selenium.remote.RemoteWebDriver.findElement(RemoteWebDriver.java:323)
at org.openqa.selenium.remote.RemoteWebDriver.findElementById(RemoteWebDriver.java:372)
at org.openqa.selenium.By$ById.findElement(By.java:188)
at org.openqa.selenium.remote.RemoteWebDriver.findElement(RemoteWebDriver.java:315)
at FG_RegistrationTest.DesktopFGRegisterdemo.setEmail(DesktopFGRegisterdemo.java:40)
at FG_RegistrationTest.RegistrationTesting.setup(RegistrationTesting.java:323)
at FG_RegistrationTest.RegistrationTesting.regTest(RegistrationTesting.java:128)
at java.util.concurrent.FutureTask.run(Unknown Source)
at java.util.concurrent.ThreadPoolExecutor.runWorker(Unknown Source)
at java.util.concurrent.ThreadPoolExecutor$Worker.run(Unknown Source)
at java.lang.Thread.run(Unknown Source)
... Removed 20 stack frames]]>
    </failure>
  </testcase> <!-- regTest -->
  <testcase name="regTest" time="145.942" classname="FG_RegistrationTest.RegistrationTesting"/>
  <testcase name="regTest" time="0.157" classname="FG_RegistrationTest.RegistrationTesting">
    <skipped/>
  </testcase> <!-- regTest -->
  <testcase name="regTest" time="0.003" classname="FG_RegistrationTest.RegistrationTesting">
    <skipped/>
  </testcase> <!-- regTest -->
  <testcase name="regTest" time="0.695" classname="FG_RegistrationTest.RegistrationTesting">
    <skipped/>
  </testcase> <!-- regTest -->
  <testcase name="regTest" time="0.003" classname="FG_RegistrationTest.RegistrationTesting">
    <skipped/>
  </testcase> <!-- regTest -->
  <testcase name="regTest" time="0.003" classname="FG_RegistrationTest.RegistrationTesting">
    <skipped/>
  </testcase> <!-- regTest -->
  <testcase name="regTest" time="0.003" classname="FG_RegistrationTest.RegistrationTesting">
    <skipped/>
  </testcase> <!-- regTest -->
</testsuite> <!-- chromeRegistrationTesting -->
