<?xml version="1.0" encoding="UTF-8"?>
<!-- Generated by org.testng.reporters.JUnitXMLReporter -->
<testsuite hostname="MAIS-JARADAT" ignored="0" name="mopileRegistrationTesting" tests="12" failures="2" timestamp="23 يول 2019 14:15:23 GMT" time="306.204" errors="0">
  <testcase name="regTest" time="0.034" classname="FG_RegistrationTest.RegistrationTesting">
    <skipped/>
  </testcase> <!-- regTest -->
  <testcase name="regTest" time="0.009" classname="FG_RegistrationTest.RegistrationTesting">
    <skipped/>
  </testcase> <!-- regTest -->
  <testcase name="regTest" time="122.331" classname="FG_RegistrationTest.RegistrationTesting">
    <failure type="java.lang.AssertionError" message="actual:The Email Addresses you entered do not match. Please try again.,expected:The Email Addresses you entred do not match. Please try again., expected:&amp;lt;The Email Addresses you entered do not match. Please try again.&amp;gt; but was:&amp;lt;The Email Addresses you entred do not match. Please try again.&amp;gt;">
      <![CDATA[java.lang.AssertionError: actual:The Email Addresses you entered do not match. Please try again.,expected:The Email Addresses you entred do not match. Please try again., expected:<The Email Addresses you entered do not match. Please try again.> but was:<The Email Addresses you entred do not match. Please try again.>
at FG_RegistrationTest.RegistrationTesting.testresult(RegistrationTesting.java:334)
at FG_RegistrationTest.RegistrationTesting.regTest(RegistrationTesting.java:180)
at java.util.concurrent.FutureTask.run(Unknown Source)
at java.util.concurrent.ThreadPoolExecutor.runWorker(Unknown Source)
at java.util.concurrent.ThreadPoolExecutor$Worker.run(Unknown Source)
at java.lang.Thread.run(Unknown Source)
... Removed 17 stack frames]]>
    </failure>
  </testcase> <!-- regTest -->
  <testcase name="regTest" time="83.088" classname="FG_RegistrationTest.RegistrationTesting">
    <failure type="org.openqa.selenium.NoSuchElementException" message="no such element: Unable to locate element: {&amp;quot;method&amp;quot;:&amp;quot;css selector&amp;quot;,&amp;quot;selector&amp;quot;:&amp;quot;#field\-2&amp;quot;}
  (Session info: chrome=75.0.3770.142)
For documentation on this error, please visit: https://www.seleniumhq.org/exceptions/no_such_element.html
Build info: version: &amp;apos;3.141.59&amp;apos;, revision: &amp;apos;e82be7d358&amp;apos;, time: &amp;apos;2018-11-14T08:25:53&amp;apos;
System info: host: &amp;apos;MAIS-JARADAT&amp;apos;, ip: &amp;apos;10.20.20.82&amp;apos;, os.name: &amp;apos;Windows 10&amp;apos;, os.arch: &amp;apos;amd64&amp;apos;, os.version: &amp;apos;10.0&amp;apos;, java.version: &amp;apos;1.8.0_121&amp;apos;
Driver info: org.openqa.selenium.chrome.ChromeDriver
Capabilities {acceptInsecureCerts: false, browserName: chrome, browserVersion: 75.0.3770.142, chrome: {chromedriverVersion: 75.0.3770.90 (a6dcaf7e3ec6f..., userDataDir: C:\Users\me\AppData\Local\T...}, goog:chromeOptions: {debuggerAddress: localhost:56712}, javascriptEnabled: true, networkConnectionEnabled: false, pageLoadStrategy: normal, platform: XP, platformName: XP, proxy: Proxy(), setWindowRect: true, strictFileInteractability: false, timeouts: {implicit: 0, pageLoad: 300000, script: 30000}, unhandledPromptBehavior: dismiss and notify}
Session ID: 8ec630a6ee572a5964202a53aad3f91a
*** Element info: {Using=id, value=field-2}">
      <![CDATA[org.openqa.selenium.NoSuchElementException: no such element: Unable to locate element: {"method":"css selector","selector":"#field\-2"}
  (Session info: chrome=75.0.3770.142)
For documentation on this error, please visit: https://www.seleniumhq.org/exceptions/no_such_element.html
Build info: version: '3.141.59', revision: 'e82be7d358', time: '2018-11-14T08:25:53'
System info: host: 'MAIS-JARADAT', ip: '10.20.20.82', os.name: 'Windows 10', os.arch: 'amd64', os.version: '10.0', java.version: '1.8.0_121'
Driver info: org.openqa.selenium.chrome.ChromeDriver
Capabilities {acceptInsecureCerts: false, browserName: chrome, browserVersion: 75.0.3770.142, chrome: {chromedriverVersion: 75.0.3770.90 (a6dcaf7e3ec6f..., userDataDir: C:\Users\me\AppData\Local\T...}, goog:chromeOptions: {debuggerAddress: localhost:56712}, javascriptEnabled: true, networkConnectionEnabled: false, pageLoadStrategy: normal, platform: XP, platformName: XP, proxy: Proxy(), setWindowRect: true, strictFileInteractability: false, timeouts: {implicit: 0, pageLoad: 300000, script: 30000}, unhandledPromptBehavior: dismiss and notify}
Session ID: 8ec630a6ee572a5964202a53aad3f91a
*** Element info: {Using=id, value=field-2}
at org.openqa.selenium.remote.http.W3CHttpResponseCodec.createException(W3CHttpResponseCodec.java:187)
at org.openqa.selenium.remote.http.W3CHttpResponseCodec.decode(W3CHttpResponseCodec.java:122)
at org.openqa.selenium.remote.http.W3CHttpResponseCodec.decode(W3CHttpResponseCodec.java:49)
at org.openqa.selenium.remote.HttpCommandExecutor.execute(HttpCommandExecutor.java:158)
at org.openqa.selenium.remote.service.DriverCommandExecutor.execute(DriverCommandExecutor.java:83)
at org.openqa.selenium.remote.RemoteWebDriver.execute(RemoteWebDriver.java:552)
at org.openqa.selenium.remote.RemoteWebDriver.findElement(RemoteWebDriver.java:323)
at org.openqa.selenium.remote.RemoteWebDriver.findElementById(RemoteWebDriver.java:372)
at org.openqa.selenium.By$ById.findElement(By.java:188)
at org.openqa.selenium.remote.RemoteWebDriver.findElement(RemoteWebDriver.java:315)
at FG_RegistrationTest.MopileFGRegisterdemo.setEmail(MopileFGRegisterdemo.java:40)
at FG_RegistrationTest.RegistrationTesting.setup(RegistrationTesting.java:323)
at FG_RegistrationTest.RegistrationTesting.regTest(RegistrationTesting.java:128)
at java.util.concurrent.FutureTask.run(Unknown Source)
at java.util.concurrent.ThreadPoolExecutor.runWorker(Unknown Source)
at java.util.concurrent.ThreadPoolExecutor$Worker.run(Unknown Source)
at java.lang.Thread.run(Unknown Source)
... Removed 20 stack frames]]>
    </failure>
  </testcase> <!-- regTest -->
  <testcase name="regTest" time="80.775" classname="FG_RegistrationTest.RegistrationTesting"/>
  <testcase name="regTest" time="0.018" classname="FG_RegistrationTest.RegistrationTesting">
    <skipped/>
  </testcase> <!-- regTest -->
  <testcase name="regTest" time="0.035" classname="FG_RegistrationTest.RegistrationTesting">
    <skipped/>
  </testcase> <!-- regTest -->
  <testcase name="regTest" time="0.004" classname="FG_RegistrationTest.RegistrationTesting">
    <skipped/>
  </testcase> <!-- regTest -->
  <testcase name="regTest" time="0.005" classname="FG_RegistrationTest.RegistrationTesting">
    <skipped/>
  </testcase> <!-- regTest -->
  <testcase name="regTest" time="0.006" classname="FG_RegistrationTest.RegistrationTesting">
    <skipped/>
  </testcase> <!-- regTest -->
  <testcase name="regTest" time="0.004" classname="FG_RegistrationTest.RegistrationTesting">
    <skipped/>
  </testcase> <!-- regTest -->
  <testcase name="regTest" time="0.008" classname="FG_RegistrationTest.RegistrationTesting">
    <skipped/>
  </testcase> <!-- regTest -->
</testsuite> <!-- mopileRegistrationTesting -->
