<?xml version="1.0" encoding="UTF-8"?>
<!-- Generated by org.testng.reporters.JUnitXMLReporter -->
<testsuite hostname="MAIS-JARADAT" ignored="0" name="Default test" tests="12" failures="1" timestamp="16 يول 2019 08:39:25 GMT" time="245.519" errors="0">
  <testcase name="verifyEmailAddressNotRegistered" time="0.018" classname="FG_RegistrationTest.RegistrationTesting">
    <skipped/>
  </testcase> <!-- verifyEmailAddressNotRegistered -->
  <testcase name="verifyEmailConfirmationFelides" time="100.667" classname="FG_RegistrationTest.RegistrationTesting">
    <failure type="org.openqa.selenium.WebDriverException" message="unknown error: unable to discover open pages
Build info: version: &amp;apos;3.141.59&amp;apos;, revision: &amp;apos;e82be7d358&amp;apos;, time: &amp;apos;2018-11-14T08:25:53&amp;apos;
System info: host: &amp;apos;MAIS-JARADAT&amp;apos;, ip: &amp;apos;10.20.20.82&amp;apos;, os.name: &amp;apos;Windows 10&amp;apos;, os.arch: &amp;apos;amd64&amp;apos;, os.version: &amp;apos;10.0&amp;apos;, java.version: &amp;apos;1.8.0_121&amp;apos;
Driver info: driver.version: ChromeDriver
remote stacktrace: Backtrace:
	Ordinal0 [0x00F31B23+1448739]
	Ordinal0 [0x00EB5A11+940561]
	Ordinal0 [0x00E42293+467603]
	Ordinal0 [0x00DDF1DA+61914]
	Ordinal0 [0x00DDBBBD+48061]
	Ordinal0 [0x00DF8D19+167193]
	Ordinal0 [0x00DF88ED+166125]
	Ordinal0 [0x00DF6FFB+159739]
	Ordinal0 [0x00DE09F6+68086]
	Ordinal0 [0x00DE1990+72080]
	Ordinal0 [0x00DE1929+71977]
	GetHandleVerifier [0x01072E4C+1172140]
	GetHandleVerifier [0x00FCFE35+504469]
	GetHandleVerifier [0x00FCFBD0+503856]
	Ordinal0 [0x00F3C9A8+1493416]
	GetHandleVerifier [0x00FD060A+506474]
	Ordinal0 [0x00EC7136+1012022]
	Ordinal0 [0x00EC6FAF+1011631]
	Ordinal0 [0x00ED133B+1053499]
	Ordinal0 [0x00ED14A3+1053859]
	Ordinal0 [0x00ED04D5+1049813]
	BaseThreadInitThunk [0x764B8494+36]
	RtlAreBitsSet [0x773041C8+136]
	RtlAreBitsSet [0x77304198+88]
">
      <![CDATA[org.openqa.selenium.WebDriverException: unknown error: unable to discover open pages
Build info: version: '3.141.59', revision: 'e82be7d358', time: '2018-11-14T08:25:53'
System info: host: 'MAIS-JARADAT', ip: '10.20.20.82', os.name: 'Windows 10', os.arch: 'amd64', os.version: '10.0', java.version: '1.8.0_121'
Driver info: driver.version: ChromeDriver
remote stacktrace: Backtrace:
Ordinal0 [0x00F31B23+1448739]
Ordinal0 [0x00EB5A11+940561]
Ordinal0 [0x00E42293+467603]
Ordinal0 [0x00DDF1DA+61914]
Ordinal0 [0x00DDBBBD+48061]
Ordinal0 [0x00DF8D19+167193]
Ordinal0 [0x00DF88ED+166125]
Ordinal0 [0x00DF6FFB+159739]
Ordinal0 [0x00DE09F6+68086]
Ordinal0 [0x00DE1990+72080]
Ordinal0 [0x00DE1929+71977]
GetHandleVerifier [0x01072E4C+1172140]
GetHandleVerifier [0x00FCFE35+504469]
GetHandleVerifier [0x00FCFBD0+503856]
Ordinal0 [0x00F3C9A8+1493416]
GetHandleVerifier [0x00FD060A+506474]
Ordinal0 [0x00EC7136+1012022]
Ordinal0 [0x00EC6FAF+1011631]
Ordinal0 [0x00ED133B+1053499]
Ordinal0 [0x00ED14A3+1053859]
Ordinal0 [0x00ED04D5+1049813]
BaseThreadInitThunk [0x764B8494+36]
RtlAreBitsSet [0x773041C8+136]
RtlAreBitsSet [0x77304198+88]

at sun.reflect.NativeConstructorAccessorImpl.newInstance0(Native Method)
at sun.reflect.NativeConstructorAccessorImpl.newInstance(Unknown Source)
at sun.reflect.DelegatingConstructorAccessorImpl.newInstance(Unknown Source)
at java.lang.reflect.Constructor.newInstance(Unknown Source)
at org.openqa.selenium.remote.W3CHandshakeResponse.lambda$errorHandler$0(W3CHandshakeResponse.java:62)
at org.openqa.selenium.remote.HandshakeResponse.lambda$getResponseFunction$0(HandshakeResponse.java:30)
at org.openqa.selenium.remote.ProtocolHandshake.lambda$createSession$0(ProtocolHandshake.java:126)
at java.util.stream.ReferencePipeline$3$1.accept(Unknown Source)
at java.util.Spliterators$ArraySpliterator.tryAdvance(Unknown Source)
at java.util.stream.ReferencePipeline.forEachWithCancel(Unknown Source)
at java.util.stream.AbstractPipeline.copyIntoWithCancel(Unknown Source)
at java.util.stream.AbstractPipeline.copyInto(Unknown Source)
at java.util.stream.AbstractPipeline.wrapAndCopyInto(Unknown Source)
at java.util.stream.FindOps$FindOp.evaluateSequential(Unknown Source)
at java.util.stream.AbstractPipeline.evaluate(Unknown Source)
at java.util.stream.ReferencePipeline.findFirst(Unknown Source)
at org.openqa.selenium.remote.ProtocolHandshake.createSession(ProtocolHandshake.java:128)
at org.openqa.selenium.remote.ProtocolHandshake.createSession(ProtocolHandshake.java:74)
at org.openqa.selenium.remote.HttpCommandExecutor.execute(HttpCommandExecutor.java:136)
at org.openqa.selenium.remote.service.DriverCommandExecutor.execute(DriverCommandExecutor.java:83)
at org.openqa.selenium.remote.RemoteWebDriver.execute(RemoteWebDriver.java:552)
at org.openqa.selenium.remote.RemoteWebDriver.startSession(RemoteWebDriver.java:213)
at org.openqa.selenium.remote.RemoteWebDriver.<init>(RemoteWebDriver.java:131)
at org.openqa.selenium.chrome.ChromeDriver.<init>(ChromeDriver.java:181)
at org.openqa.selenium.chrome.ChromeDriver.<init>(ChromeDriver.java:168)
at org.openqa.selenium.chrome.ChromeDriver.<init>(ChromeDriver.java:157)
at FG_RegistrationTest.RegistrationTesting.verifyEmailConfirmationFelides(RegistrationTesting.java:152)
at sun.reflect.NativeMethodAccessorImpl.invoke0(Native Method)
at sun.reflect.NativeMethodAccessorImpl.invoke(Unknown Source)
at sun.reflect.DelegatingMethodAccessorImpl.invoke(Unknown Source)
at java.lang.reflect.Method.invoke(Unknown Source)
at org.testng.internal.MethodInvocationHelper.invokeMethod(MethodInvocationHelper.java:124)
at org.testng.internal.Invoker.invokeMethod(Invoker.java:583)
at org.testng.internal.Invoker.invokeTestMethod(Invoker.java:719)
at org.testng.internal.Invoker.invokeTestMethods(Invoker.java:989)
at org.testng.internal.TestMethodWorker.invokeTestMethods(TestMethodWorker.java:125)
at org.testng.internal.TestMethodWorker.run(TestMethodWorker.java:109)
at org.testng.TestRunner.privateRun(TestRunner.java:648)
at org.testng.TestRunner.run(TestRunner.java:505)
at org.testng.SuiteRunner.runTest(SuiteRunner.java:455)
at org.testng.SuiteRunner.runSequentially(SuiteRunner.java:450)
at org.testng.SuiteRunner.privateRun(SuiteRunner.java:415)
at org.testng.SuiteRunner.run(SuiteRunner.java:364)
at org.testng.SuiteRunnerWorker.runSuite(SuiteRunnerWorker.java:52)
at org.testng.SuiteRunnerWorker.run(SuiteRunnerWorker.java:84)
at org.testng.TestNG.runSuitesSequentially(TestNG.java:1208)
at org.testng.TestNG.runSuitesLocally(TestNG.java:1137)
at org.testng.TestNG.runSuites(TestNG.java:1049)
at org.testng.TestNG.run(TestNG.java:1017)
at org.testng.remote.AbstractRemoteTestNG.run(AbstractRemoteTestNG.java:114)
at org.testng.remote.RemoteTestNG.initAndRun(RemoteTestNG.java:251)
at org.testng.remote.RemoteTestNG.main(RemoteTestNG.java:77)
]]>
    </failure>
  </testcase> <!-- verifyEmailConfirmationFelides -->
  <testcase name="verifyEmptyRegistrationFields" time="0.005" classname="FG_RegistrationTest.RegistrationTesting">
    <skipped/>
  </testcase> <!-- verifyEmptyRegistrationFields -->
  <testcase name="verifyEmptyRegistrationInfoFields" time="0.004" classname="FG_RegistrationTest.RegistrationTesting">
    <skipped/>
  </testcase> <!-- verifyEmptyRegistrationInfoFields -->
  <testcase name="verifyErrZipCodeRegistration" time="0.002" classname="FG_RegistrationTest.RegistrationTesting">
    <skipped/>
  </testcase> <!-- verifyErrZipCodeRegistration -->
  <testcase name="verifyInvalidEmail" time="0.004" classname="FG_RegistrationTest.RegistrationTesting">
    <skipped/>
  </testcase> <!-- verifyInvalidEmail -->
  <testcase name="verifyPasswordConfirmationFiled" time="0.002" classname="FG_RegistrationTest.RegistrationTesting">
    <skipped/>
  </testcase> <!-- verifyPasswordConfirmationFiled -->
  <testcase name="verifyPasswordContainsAtLeast1Digit" time="93.337" classname="FG_RegistrationTest.RegistrationTesting"/>
  <testcase name="verifyPasswordContainsAtLeast1Letter" time="31.672" classname="FG_RegistrationTest.RegistrationTesting"/>
  <testcase name="verifyPasswordContainsAtLeast6Characters" time="0.002" classname="FG_RegistrationTest.RegistrationTesting">
    <skipped/>
  </testcase> <!-- verifyPasswordContainsAtLeast6Characters -->
  <testcase name="verifyPasswordNotContainsSameCharacter4Time" time="0.005" classname="FG_RegistrationTest.RegistrationTesting">
    <skipped/>
  </testcase> <!-- verifyPasswordNotContainsSameCharacter4Time -->
  <testcase name="verifyssucsessregistration" time="0.005" classname="FG_RegistrationTest.RegistrationTesting">
    <skipped/>
  </testcase> <!-- verifyssucsessregistration -->
</testsuite> <!-- Default test -->
