<!DOCTYPE html PUBLIC "-//W3C//DTD XHTML 1.1//EN" "http://www.w3.org/TR/xhtml11/DTD/xhtml11.dtd">
<html xmlns="http://www.w3.org/1999/xhtml">
<head>
<meta http-equiv="content-type" content="text/html; charset=UTF-8"/>
<title>TestNG Report</title>
<style type="text/css">table {margin-bottom:10px;border-collapse:collapse;empty-cells:show}th,td {border:1px solid #009;padding:.25em .5em}th {vertical-align:bottom}td {vertical-align:top}table a {font-weight:bold}.stripe td {background-color: #E6EBF9}.num {text-align:right}.passedodd td {background-color: #3F3}.passedeven td {background-color: #0A0}.skippedodd td {background-color: #DDD}.skippedeven td {background-color: #CCC}.failedodd td,.attn {background-color: #F33}.failedeven td,.stripe .attn {background-color: #D00}.stacktrace {white-space:pre;font-family:monospace}.totop {font-size:85%;text-align:center;border-bottom:2px solid #000}.invisible {display:none}</style>
</head>
<body>
<table>
<tr><th>Test</th><th># Passed</th><th># Skipped</th><th># Failed</th><th>Time (ms)</th><th>Included Groups</th><th>Excluded Groups</th></tr>
<tr><th colspan="7">registartionSuite</th></tr>
<tr><td><a href="#t0">chromeRegistrationTesting</a></td><td class="num">1</td><td class="num attn">8</td><td class="num attn">3</td><td class="num">575,795</td><td></td><td></td></tr>
<tr class="stripe"><td><a href="#t1">mopileRegistrationTesting</a></td><td class="num">1</td><td class="num attn">7</td><td class="num attn">4</td><td class="num">623,473</td><td></td><td></td></tr>
<tr><th>Total</th><th class="num">2</th><th class="num attn">15</th><th class="num attn">7</th><th class="num">1,199,268</th><th colspan="2"></th></tr>
</table>
<table id='summary'><thead><tr><th>Class</th><th>Method</th><th>Start</th><th>Time (ms)</th></tr></thead><tbody><tr><th colspan="4">registartionSuite</th></tr></tbody><tbody id="t0"><tr><th colspan="4">chromeRegistrationTesting &#8212; failed</th></tr><tr class="failedeven"><td rowspan="3">FG_RegistrationTest.RegistrationTesting</td><td><a href="#m0">regTest</a></td><td rowspan="3">1563951463258</td><td rowspan="3">174026</td></tr><tr class="failedeven"><td><a href="#m1">regTest</a></td></tr><tr class="failedeven"><td><a href="#m2">regTest</a></td></tr><tr><th colspan="4">chromeRegistrationTesting &#8212; skipped</th></tr><tr class="skippedeven"><td rowspan="8">FG_RegistrationTest.RegistrationTesting</td><td><a href="#m3">regTest</a></td><td rowspan="8">1563951887778</td><td rowspan="8">3</td></tr><tr class="skippedeven"><td><a href="#m4">regTest</a></td></tr><tr class="skippedeven"><td><a href="#m5">regTest</a></td></tr><tr class="skippedeven"><td><a href="#m6">regTest</a></td></tr><tr class="skippedeven"><td><a href="#m7">regTest</a></td></tr><tr class="skippedeven"><td><a href="#m8">regTest</a></td></tr><tr class="skippedeven"><td><a href="#m9">regTest</a></td></tr><tr class="skippedeven"><td><a href="#m10">regTest</a></td></tr><tr><th colspan="4">chromeRegistrationTesting &#8212; passed</th></tr><tr class="passedeven"><td rowspan="1">FG_RegistrationTest.RegistrationTesting</td><td><a href="#m11">regTest</a></td><td rowspan="1">1563951741672</td><td rowspan="1">145942</td></tr></tbody>
<tbody id="t1"><tr><th colspan="4">mopileRegistrationTesting &#8212; failed</th></tr><tr class="failedeven"><td rowspan="4">FG_RegistrationTest.RegistrationTesting</td><td><a href="#m12">regTest</a></td><td rowspan="4">1563951463240</td><td rowspan="4">166002</td></tr><tr class="failedeven"><td><a href="#m13">regTest</a></td></tr><tr class="failedeven"><td><a href="#m14">regTest</a></td></tr><tr class="failedeven"><td><a href="#m15">regTest</a></td></tr><tr><th colspan="4">mopileRegistrationTesting &#8212; skipped</th></tr><tr class="skippedeven"><td rowspan="7">FG_RegistrationTest.RegistrationTesting</td><td><a href="#m16">regTest</a></td><td rowspan="7">1563951937598</td><td rowspan="7">83</td></tr><tr class="skippedeven"><td><a href="#m17">regTest</a></td></tr><tr class="skippedeven"><td><a href="#m18">regTest</a></td></tr><tr class="skippedeven"><td><a href="#m19">regTest</a></td></tr><tr class="skippedeven"><td><a href="#m20">regTest</a></td></tr><tr class="skippedeven"><td><a href="#m21">regTest</a></td></tr><tr class="skippedeven"><td><a href="#m22">regTest</a></td></tr><tr><th colspan="4">mopileRegistrationTesting &#8212; passed</th></tr><tr class="passedeven"><td rowspan="1">FG_RegistrationTest.RegistrationTesting</td><td><a href="#m23">regTest</a></td><td rowspan="1">1563951832930</td><td rowspan="1">104526</td></tr></tbody>
</table>
<h2>chromeRegistrationTesting</h2><h3 id="m0">FG_RegistrationTest.RegistrationTesting#regTest</h3><table class="result"><tr class="param"><th>Parameter #1</th></tr><tr class="param stripe"><td>chrome</td></tr><tr><th>Exception</th></tr><tr><td><div class="stacktrace">java.lang.AssertionError: actual:The Email Addresses you entered do not match. Please try again.,expected:The Email Addresses you entred do not match. Please try again., expected:&lt;The Email Addresses you entered do not match. Please try again.&gt; but was:&lt;The Email Addresses you entred do not match. Please try again.&gt;
	at FG_RegistrationTest.RegistrationTesting.testresult(RegistrationTesting.java:334)
	at FG_RegistrationTest.RegistrationTesting.regTest(RegistrationTesting.java:180)
	at java.util.concurrent.FutureTask.run(Unknown Source)
	at java.util.concurrent.ThreadPoolExecutor.runWorker(Unknown Source)
	at java.util.concurrent.ThreadPoolExecutor$Worker.run(Unknown Source)
	at java.lang.Thread.run(Unknown Source)
... Removed 17 stack frames</div></td></tr></table><p class="totop"><a href="#summary">back to summary</a></p>
<h3 id="m1">FG_RegistrationTest.RegistrationTesting#regTest</h3><table class="result"><tr class="param"><th>Parameter #1</th></tr><tr class="param stripe"><td>chrome</td></tr><tr><th>Exception</th></tr><tr><td><div class="stacktrace">org.openqa.selenium.WebDriverException: unknown error: unable to discover open pages
Build info: version: &apos;3.141.59&apos;, revision: &apos;e82be7d358&apos;, time: &apos;2018-11-14T08:25:53&apos;
System info: host: &apos;MAIS-JARADAT&apos;, ip: &apos;10.20.20.82&apos;, os.name: &apos;Windows 10&apos;, os.arch: &apos;amd64&apos;, os.version: &apos;10.0&apos;, java.version: &apos;1.8.0_121&apos;
Driver info: driver.version: ChromeDriver
remote stacktrace: Backtrace:
	Ordinal0 [0x00F31B23+1448739]
	Ordinal0 [0x00EB5A11+940561]
	Ordinal0 [0x00E42293+467603]
	Ordinal0 [0x00DDF1DA+61914]
	Ordinal0 [0x00DDBBBD+48061]
	Ordinal0 [0x00DF8D19+167193]
	Ordinal0 [0x00DF88ED+166125]
	Ordinal0 [0x00DF6FFB+159739]
	Ordinal0 [0x00DE09F6+68086]
	Ordinal0 [0x00DE1990+72080]
	Ordinal0 [0x00DE1929+71977]
	GetHandleVerifier [0x01072E4C+1172140]
	GetHandleVerifier [0x00FCFE35+504469]
	GetHandleVerifier [0x00FCFBD0+503856]
	Ordinal0 [0x00F3C9A8+1493416]
	GetHandleVerifier [0x00FD060A+506474]
	Ordinal0 [0x00EC7136+1012022]
	Ordinal0 [0x00EC6FAF+1011631]
	Ordinal0 [0x00ED133B+1053499]
	Ordinal0 [0x00ED14A3+1053859]
	Ordinal0 [0x00ED04D5+1049813]
	BaseThreadInitThunk [0x764B8494+36]
	RtlAreBitsSet [0x773041C8+136]
	RtlAreBitsSet [0x77304198+88]

	at org.openqa.selenium.remote.W3CHandshakeResponse.lambda$errorHandler$0(W3CHandshakeResponse.java:62)
	at org.openqa.selenium.remote.HandshakeResponse.lambda$getResponseFunction$0(HandshakeResponse.java:30)
	at org.openqa.selenium.remote.ProtocolHandshake.lambda$createSession$0(ProtocolHandshake.java:126)
	at java.util.stream.ReferencePipeline$3$1.accept(Unknown Source)
	at java.util.Spliterators$ArraySpliterator.tryAdvance(Unknown Source)
	at java.util.stream.ReferencePipeline.forEachWithCancel(Unknown Source)
	at java.util.stream.AbstractPipeline.copyIntoWithCancel(Unknown Source)
	at java.util.stream.AbstractPipeline.copyInto(Unknown Source)
	at java.util.stream.AbstractPipeline.wrapAndCopyInto(Unknown Source)
	at java.util.stream.FindOps$FindOp.evaluateSequential(Unknown Source)
	at java.util.stream.AbstractPipeline.evaluate(Unknown Source)
	at java.util.stream.ReferencePipeline.findFirst(Unknown Source)
	at org.openqa.selenium.remote.ProtocolHandshake.createSession(ProtocolHandshake.java:128)
	at org.openqa.selenium.remote.ProtocolHandshake.createSession(ProtocolHandshake.java:74)
	at org.openqa.selenium.remote.HttpCommandExecutor.execute(HttpCommandExecutor.java:136)
	at org.openqa.selenium.remote.service.DriverCommandExecutor.execute(DriverCommandExecutor.java:83)
	at org.openqa.selenium.remote.RemoteWebDriver.execute(RemoteWebDriver.java:552)
	at org.openqa.selenium.remote.RemoteWebDriver.startSession(RemoteWebDriver.java:213)
	at org.openqa.selenium.remote.RemoteWebDriver.&lt;init&gt;(RemoteWebDriver.java:131)
	at org.openqa.selenium.chrome.ChromeDriver.&lt;init&gt;(ChromeDriver.java:181)
	at org.openqa.selenium.chrome.ChromeDriver.&lt;init&gt;(ChromeDriver.java:168)
	at org.openqa.selenium.chrome.ChromeDriver.&lt;init&gt;(ChromeDriver.java:157)
	at FG_RegistrationTest.RegistrationTesting.regTest(RegistrationTesting.java:104)
	at java.util.concurrent.FutureTask.run(Unknown Source)
	at java.util.concurrent.ThreadPoolExecutor.runWorker(Unknown Source)
	at java.util.concurrent.ThreadPoolExecutor$Worker.run(Unknown Source)
	at java.lang.Thread.run(Unknown Source)
... Removed 20 stack frames</div></td></tr></table><p class="totop"><a href="#summary">back to summary</a></p>
<h3 id="m2">FG_RegistrationTest.RegistrationTesting#regTest</h3><table class="result"><tr class="param"><th>Parameter #1</th></tr><tr class="param stripe"><td>chrome</td></tr><tr><th>Exception</th></tr><tr><td><div class="stacktrace">org.openqa.selenium.NoSuchElementException: no such element: Unable to locate element: {&quot;method&quot;:&quot;css selector&quot;,&quot;selector&quot;:&quot;#logonId&quot;}
  (Session info: chrome=75.0.3770.142)
For documentation on this error, please visit: https://www.seleniumhq.org/exceptions/no_such_element.html
Build info: version: &apos;3.141.59&apos;, revision: &apos;e82be7d358&apos;, time: &apos;2018-11-14T08:25:53&apos;
System info: host: &apos;MAIS-JARADAT&apos;, ip: &apos;10.20.20.82&apos;, os.name: &apos;Windows 10&apos;, os.arch: &apos;amd64&apos;, os.version: &apos;10.0&apos;, java.version: &apos;1.8.0_121&apos;
Driver info: org.openqa.selenium.chrome.ChromeDriver
Capabilities {acceptInsecureCerts: false, browserName: chrome, browserVersion: 75.0.3770.142, chrome: {chromedriverVersion: 75.0.3770.90 (a6dcaf7e3ec6f..., userDataDir: C:\Users\me\AppData\Local\T...}, goog:chromeOptions: {debuggerAddress: localhost:62436}, javascriptEnabled: true, networkConnectionEnabled: false, pageLoadStrategy: normal, platform: XP, platformName: XP, proxy: Proxy(), setWindowRect: true, strictFileInteractability: false, timeouts: {implicit: 0, pageLoad: 300000, script: 30000}, unhandledPromptBehavior: dismiss and notify}
Session ID: 007903645f4b92123ceab392f530962f
*** Element info: {Using=id, value=logonId}
	at org.openqa.selenium.remote.http.W3CHttpResponseCodec.createException(W3CHttpResponseCodec.java:187)
	at org.openqa.selenium.remote.http.W3CHttpResponseCodec.decode(W3CHttpResponseCodec.java:122)
	at org.openqa.selenium.remote.http.W3CHttpResponseCodec.decode(W3CHttpResponseCodec.java:49)
	at org.openqa.selenium.remote.HttpCommandExecutor.execute(HttpCommandExecutor.java:158)
	at org.openqa.selenium.remote.service.DriverCommandExecutor.execute(DriverCommandExecutor.java:83)
	at org.openqa.selenium.remote.RemoteWebDriver.execute(RemoteWebDriver.java:552)
	at org.openqa.selenium.remote.RemoteWebDriver.findElement(RemoteWebDriver.java:323)
	at org.openqa.selenium.remote.RemoteWebDriver.findElementById(RemoteWebDriver.java:372)
	at org.openqa.selenium.By$ById.findElement(By.java:188)
	at org.openqa.selenium.remote.RemoteWebDriver.findElement(RemoteWebDriver.java:315)
	at FG_RegistrationTest.DesktopFGRegisterdemo.setEmail(DesktopFGRegisterdemo.java:40)
	at FG_RegistrationTest.RegistrationTesting.setup(RegistrationTesting.java:323)
	at FG_RegistrationTest.RegistrationTesting.regTest(RegistrationTesting.java:128)
	at java.util.concurrent.FutureTask.run(Unknown Source)
	at java.util.concurrent.ThreadPoolExecutor.runWorker(Unknown Source)
	at java.util.concurrent.ThreadPoolExecutor$Worker.run(Unknown Source)
	at java.lang.Thread.run(Unknown Source)
... Removed 20 stack frames</div></td></tr></table><p class="totop"><a href="#summary">back to summary</a></p>
<h3 id="m3">FG_RegistrationTest.RegistrationTesting#regTest</h3><table class="result"><tr class="param"><th>Parameter #1</th></tr><tr class="param stripe"><td>chrome</td></tr><tr><th>Exception</th></tr><tr><td><div class="stacktrace">org.testng.SkipException: verifyPasswordContainsAtLeast6Characters:not need to test
	at FG_RegistrationTest.RegistrationTesting.regTest(RegistrationTesting.java:92)
	at java.util.concurrent.FutureTask.run(Unknown Source)
	at java.util.concurrent.ThreadPoolExecutor.runWorker(Unknown Source)
	at java.util.concurrent.ThreadPoolExecutor$Worker.run(Unknown Source)
	at java.lang.Thread.run(Unknown Source)
... Removed 16 stack frames</div></td></tr></table><p class="totop"><a href="#summary">back to summary</a></p>
<h3 id="m4">FG_RegistrationTest.RegistrationTesting#regTest</h3><table class="result"><tr class="param"><th>Parameter #1</th></tr><tr class="param stripe"><td>chrome</td></tr><tr><th>Exception</th></tr><tr><td><div class="stacktrace">org.testng.SkipException: verifyPasswordConfirmationFiled:not need to test
	at FG_RegistrationTest.RegistrationTesting.regTest(RegistrationTesting.java:92)
	at java.util.concurrent.FutureTask.run(Unknown Source)
	at java.util.concurrent.ThreadPoolExecutor.runWorker(Unknown Source)
	at java.util.concurrent.ThreadPoolExecutor$Worker.run(Unknown Source)
	at java.lang.Thread.run(Unknown Source)
... Removed 15 stack frames</div></td></tr></table><p class="totop"><a href="#summary">back to summary</a></p>
<h3 id="m5">FG_RegistrationTest.RegistrationTesting#regTest</h3><table class="result"><tr class="param"><th>Parameter #1</th></tr><tr class="param stripe"><td>chrome</td></tr><tr><th>Exception</th></tr><tr><td><div class="stacktrace">org.testng.SkipException: verifyEmptyRegistrationFields:not need to test
	at FG_RegistrationTest.RegistrationTesting.regTest(RegistrationTesting.java:92)
	at java.util.concurrent.FutureTask.run(Unknown Source)
	at java.util.concurrent.ThreadPoolExecutor.runWorker(Unknown Source)
	at java.util.concurrent.ThreadPoolExecutor$Worker.run(Unknown Source)
	at java.lang.Thread.run(Unknown Source)
... Removed 15 stack frames</div></td></tr></table><p class="totop"><a href="#summary">back to summary</a></p>
<h3 id="m6">FG_RegistrationTest.RegistrationTesting#regTest</h3><table class="result"><tr class="param"><th>Parameter #1</th></tr><tr class="param stripe"><td>chrome</td></tr><tr><th>Exception</th></tr><tr><td><div class="stacktrace">org.testng.SkipException: verifyInvalidEmail:not need to test
	at FG_RegistrationTest.RegistrationTesting.regTest(RegistrationTesting.java:92)
	at java.util.concurrent.FutureTask.run(Unknown Source)
	at java.util.concurrent.ThreadPoolExecutor.runWorker(Unknown Source)
	at java.util.concurrent.ThreadPoolExecutor$Worker.run(Unknown Source)
	at java.lang.Thread.run(Unknown Source)
... Removed 16 stack frames</div></td></tr></table><p class="totop"><a href="#summary">back to summary</a></p>
<h3 id="m7">FG_RegistrationTest.RegistrationTesting#regTest</h3><table class="result"><tr class="param"><th>Parameter #1</th></tr><tr class="param stripe"><td>chrome</td></tr><tr><th>Exception</th></tr><tr><td><div class="stacktrace">org.testng.SkipException: verifyEmailAddressNotRegistered :not need to test
	at FG_RegistrationTest.RegistrationTesting.regTest(RegistrationTesting.java:92)
	at java.util.concurrent.FutureTask.run(Unknown Source)
	at java.util.concurrent.ThreadPoolExecutor.runWorker(Unknown Source)
	at java.util.concurrent.ThreadPoolExecutor$Worker.run(Unknown Source)
	at java.lang.Thread.run(Unknown Source)
... Removed 15 stack frames</div></td></tr></table><p class="totop"><a href="#summary">back to summary</a></p>
<h3 id="m8">FG_RegistrationTest.RegistrationTesting#regTest</h3><table class="result"><tr class="param"><th>Parameter #1</th></tr><tr class="param stripe"><td>chrome</td></tr><tr><th>Exception</th></tr><tr><td><div class="stacktrace">org.testng.SkipException: verifyssucsessregistration:not need to test
	at FG_RegistrationTest.RegistrationTesting.regTest(RegistrationTesting.java:92)
	at java.util.concurrent.FutureTask.run(Unknown Source)
	at java.util.concurrent.ThreadPoolExecutor.runWorker(Unknown Source)
	at java.util.concurrent.ThreadPoolExecutor$Worker.run(Unknown Source)
	at java.lang.Thread.run(Unknown Source)
... Removed 16 stack frames</div></td></tr></table><p class="totop"><a href="#summary">back to summary</a></p>
<h3 id="m9">FG_RegistrationTest.RegistrationTesting#regTest</h3><table class="result"><tr class="param"><th>Parameter #1</th></tr><tr class="param stripe"><td>chrome</td></tr><tr><th>Exception</th></tr><tr><td><div class="stacktrace">org.testng.SkipException: verifyPasswordContainsAtLeast1Letter:not need to test
	at FG_RegistrationTest.RegistrationTesting.regTest(RegistrationTesting.java:92)
	at java.util.concurrent.FutureTask.run(Unknown Source)
	at java.util.concurrent.ThreadPoolExecutor.runWorker(Unknown Source)
	at java.util.concurrent.ThreadPoolExecutor$Worker.run(Unknown Source)
	at java.lang.Thread.run(Unknown Source)
... Removed 16 stack frames</div></td></tr></table><p class="totop"><a href="#summary">back to summary</a></p>
<h3 id="m10">FG_RegistrationTest.RegistrationTesting#regTest</h3><table class="result"><tr class="param"><th>Parameter #1</th></tr><tr class="param stripe"><td>chrome</td></tr><tr><th>Exception</th></tr><tr><td><div class="stacktrace">org.testng.SkipException: verifyPasswordNotContainsSameCharacter4Time:not need to test
	at FG_RegistrationTest.RegistrationTesting.regTest(RegistrationTesting.java:92)
	at java.util.concurrent.FutureTask.run(Unknown Source)
	at java.util.concurrent.ThreadPoolExecutor.runWorker(Unknown Source)
	at java.util.concurrent.ThreadPoolExecutor$Worker.run(Unknown Source)
	at java.lang.Thread.run(Unknown Source)
... Removed 16 stack frames</div></td></tr></table><p class="totop"><a href="#summary">back to summary</a></p>
<h3 id="m11">FG_RegistrationTest.RegistrationTesting#regTest</h3><table class="result"><tr class="param"><th>Parameter #1</th></tr><tr class="param stripe"><td>chrome</td></tr></table><p class="totop"><a href="#summary">back to summary</a></p>
<h2>mopileRegistrationTesting</h2><h3 id="m12">FG_RegistrationTest.RegistrationTesting#regTest</h3><table class="result"><tr class="param"><th>Parameter #1</th></tr><tr class="param stripe"><td>mopile</td></tr><tr><th>Exception</th></tr><tr><td><div class="stacktrace">org.openqa.selenium.NoSuchElementException: no such element: Unable to locate element: {&quot;method&quot;:&quot;css selector&quot;,&quot;selector&quot;:&quot;#field\-2&quot;}
  (Session info: chrome=75.0.3770.142)
For documentation on this error, please visit: https://www.seleniumhq.org/exceptions/no_such_element.html
Build info: version: &apos;3.141.59&apos;, revision: &apos;e82be7d358&apos;, time: &apos;2018-11-14T08:25:53&apos;
System info: host: &apos;MAIS-JARADAT&apos;, ip: &apos;10.20.20.82&apos;, os.name: &apos;Windows 10&apos;, os.arch: &apos;amd64&apos;, os.version: &apos;10.0&apos;, java.version: &apos;1.8.0_121&apos;
Driver info: org.openqa.selenium.chrome.ChromeDriver
Capabilities {acceptInsecureCerts: false, browserName: chrome, browserVersion: 75.0.3770.142, chrome: {chromedriverVersion: 75.0.3770.90 (a6dcaf7e3ec6f..., userDataDir: C:\Users\me\AppData\Local\T...}, goog:chromeOptions: {debuggerAddress: localhost:62248}, javascriptEnabled: true, networkConnectionEnabled: false, pageLoadStrategy: normal, platform: XP, platformName: XP, proxy: Proxy(), setWindowRect: true, strictFileInteractability: false, timeouts: {implicit: 0, pageLoad: 300000, script: 30000}, unhandledPromptBehavior: dismiss and notify}
Session ID: ee3a3491f2138a4287490581253e09ec
*** Element info: {Using=id, value=field-2}
	at org.openqa.selenium.remote.http.W3CHttpResponseCodec.createException(W3CHttpResponseCodec.java:187)
	at org.openqa.selenium.remote.http.W3CHttpResponseCodec.decode(W3CHttpResponseCodec.java:122)
	at org.openqa.selenium.remote.http.W3CHttpResponseCodec.decode(W3CHttpResponseCodec.java:49)
	at org.openqa.selenium.remote.HttpCommandExecutor.execute(HttpCommandExecutor.java:158)
	at org.openqa.selenium.remote.service.DriverCommandExecutor.execute(DriverCommandExecutor.java:83)
	at org.openqa.selenium.remote.RemoteWebDriver.execute(RemoteWebDriver.java:552)
	at org.openqa.selenium.remote.RemoteWebDriver.findElement(RemoteWebDriver.java:323)
	at org.openqa.selenium.remote.RemoteWebDriver.findElementById(RemoteWebDriver.java:372)
	at org.openqa.selenium.By$ById.findElement(By.java:188)
	at org.openqa.selenium.remote.RemoteWebDriver.findElement(RemoteWebDriver.java:315)
	at FG_RegistrationTest.MopileFGRegisterdemo.setEmail(MopileFGRegisterdemo.java:40)
	at FG_RegistrationTest.RegistrationTesting.setup(RegistrationTesting.java:323)
	at FG_RegistrationTest.RegistrationTesting.regTest(RegistrationTesting.java:128)
	at java.util.concurrent.FutureTask.run(Unknown Source)
	at java.util.concurrent.ThreadPoolExecutor.runWorker(Unknown Source)
	at java.util.concurrent.ThreadPoolExecutor$Worker.run(Unknown Source)
	at java.lang.Thread.run(Unknown Source)
... Removed 20 stack frames</div></td></tr></table><p class="totop"><a href="#summary">back to summary</a></p>
<h3 id="m13">FG_RegistrationTest.RegistrationTesting#regTest</h3><table class="result"><tr class="param"><th>Parameter #1</th></tr><tr class="param stripe"><td>mopile</td></tr><tr><th>Exception</th></tr><tr><td><div class="stacktrace">org.openqa.selenium.WebDriverException: unknown error: unable to discover open pages
Build info: version: &apos;3.141.59&apos;, revision: &apos;e82be7d358&apos;, time: &apos;2018-11-14T08:25:53&apos;
System info: host: &apos;MAIS-JARADAT&apos;, ip: &apos;10.20.20.82&apos;, os.name: &apos;Windows 10&apos;, os.arch: &apos;amd64&apos;, os.version: &apos;10.0&apos;, java.version: &apos;1.8.0_121&apos;
Driver info: driver.version: ChromeDriver
remote stacktrace: Backtrace:
	Ordinal0 [0x00F31B23+1448739]
	Ordinal0 [0x00EB5A11+940561]
	Ordinal0 [0x00E42293+467603]
	Ordinal0 [0x00DDF1DA+61914]
	Ordinal0 [0x00DDBBBD+48061]
	Ordinal0 [0x00DF8D19+167193]
	Ordinal0 [0x00DF88ED+166125]
	Ordinal0 [0x00DF6FFB+159739]
	Ordinal0 [0x00DE09F6+68086]
	Ordinal0 [0x00DE1990+72080]
	Ordinal0 [0x00DE1929+71977]
	GetHandleVerifier [0x01072E4C+1172140]
	GetHandleVerifier [0x00FCFE35+504469]
	GetHandleVerifier [0x00FCFBD0+503856]
	Ordinal0 [0x00F3C9A8+1493416]
	GetHandleVerifier [0x00FD060A+506474]
	Ordinal0 [0x00EC7136+1012022]
	Ordinal0 [0x00EC6FAF+1011631]
	Ordinal0 [0x00ED133B+1053499]
	Ordinal0 [0x00ED14A3+1053859]
	Ordinal0 [0x00ED04D5+1049813]
	BaseThreadInitThunk [0x764B8494+36]
	RtlAreBitsSet [0x773041C8+136]
	RtlAreBitsSet [0x77304198+88]

	at org.openqa.selenium.remote.W3CHandshakeResponse.lambda$errorHandler$0(W3CHandshakeResponse.java:62)
	at org.openqa.selenium.remote.HandshakeResponse.lambda$getResponseFunction$0(HandshakeResponse.java:30)
	at org.openqa.selenium.remote.ProtocolHandshake.lambda$createSession$0(ProtocolHandshake.java:126)
	at java.util.stream.ReferencePipeline$3$1.accept(Unknown Source)
	at java.util.Spliterators$ArraySpliterator.tryAdvance(Unknown Source)
	at java.util.stream.ReferencePipeline.forEachWithCancel(Unknown Source)
	at java.util.stream.AbstractPipeline.copyIntoWithCancel(Unknown Source)
	at java.util.stream.AbstractPipeline.copyInto(Unknown Source)
	at java.util.stream.AbstractPipeline.wrapAndCopyInto(Unknown Source)
	at java.util.stream.FindOps$FindOp.evaluateSequential(Unknown Source)
	at java.util.stream.AbstractPipeline.evaluate(Unknown Source)
	at java.util.stream.ReferencePipeline.findFirst(Unknown Source)
	at org.openqa.selenium.remote.ProtocolHandshake.createSession(ProtocolHandshake.java:128)
	at org.openqa.selenium.remote.ProtocolHandshake.createSession(ProtocolHandshake.java:74)
	at org.openqa.selenium.remote.HttpCommandExecutor.execute(HttpCommandExecutor.java:136)
	at org.openqa.selenium.remote.service.DriverCommandExecutor.execute(DriverCommandExecutor.java:83)
	at org.openqa.selenium.remote.RemoteWebDriver.execute(RemoteWebDriver.java:552)
	at org.openqa.selenium.remote.RemoteWebDriver.startSession(RemoteWebDriver.java:213)
	at org.openqa.selenium.remote.RemoteWebDriver.&lt;init&gt;(RemoteWebDriver.java:131)
	at org.openqa.selenium.chrome.ChromeDriver.&lt;init&gt;(ChromeDriver.java:181)
	at org.openqa.selenium.chrome.ChromeDriver.&lt;init&gt;(ChromeDriver.java:168)
	at org.openqa.selenium.chrome.ChromeDriver.&lt;init&gt;(ChromeDriver.java:157)
	at FG_RegistrationTest.RegistrationTesting.regTest(RegistrationTesting.java:118)
	at java.util.concurrent.FutureTask.run(Unknown Source)
	at java.util.concurrent.ThreadPoolExecutor.runWorker(Unknown Source)
	at java.util.concurrent.ThreadPoolExecutor$Worker.run(Unknown Source)
	at java.lang.Thread.run(Unknown Source)
... Removed 20 stack frames</div></td></tr></table><p class="totop"><a href="#summary">back to summary</a></p>
<h3 id="m14">FG_RegistrationTest.RegistrationTesting#regTest</h3><table class="result"><tr class="param"><th>Parameter #1</th></tr><tr class="param stripe"><td>mopile</td></tr><tr><th>Exception</th></tr><tr><td><div class="stacktrace">java.lang.AssertionError: actual:The Email Addresses you entered do not match. Please try again.,expected:The Email Addresses you entred do not match. Please try again., expected:&lt;The Email Addresses you entered do not match. Please try again.&gt; but was:&lt;The Email Addresses you entred do not match. Please try again.&gt;
	at FG_RegistrationTest.RegistrationTesting.testresult(RegistrationTesting.java:334)
	at FG_RegistrationTest.RegistrationTesting.regTest(RegistrationTesting.java:180)
	at java.util.concurrent.FutureTask.run(Unknown Source)
	at java.util.concurrent.ThreadPoolExecutor.runWorker(Unknown Source)
	at java.util.concurrent.ThreadPoolExecutor$Worker.run(Unknown Source)
	at java.lang.Thread.run(Unknown Source)
... Removed 17 stack frames</div></td></tr></table><p class="totop"><a href="#summary">back to summary</a></p>
<h3 id="m15">FG_RegistrationTest.RegistrationTesting#regTest</h3><table class="result"><tr class="param"><th>Parameter #1</th></tr><tr class="param stripe"><td>mopile</td></tr><tr><th>Exception</th></tr><tr><td><div class="stacktrace">org.openqa.selenium.WebDriverException: Timed out waiting for driver server to start.
Build info: version: &apos;3.141.59&apos;, revision: &apos;e82be7d358&apos;, time: &apos;2018-11-14T08:25:53&apos;
System info: host: &apos;MAIS-JARADAT&apos;, ip: &apos;10.20.20.82&apos;, os.name: &apos;Windows 10&apos;, os.arch: &apos;amd64&apos;, os.version: &apos;10.0&apos;, java.version: &apos;1.8.0_121&apos;
Driver info: driver.version: ChromeDriver
	at org.openqa.selenium.remote.service.DriverService.waitUntilAvailable(DriverService.java:202)
	at org.openqa.selenium.remote.service.DriverService.start(DriverService.java:188)
	at org.openqa.selenium.remote.service.DriverCommandExecutor.execute(DriverCommandExecutor.java:79)
	at org.openqa.selenium.remote.RemoteWebDriver.execute(RemoteWebDriver.java:552)
	at org.openqa.selenium.remote.RemoteWebDriver.startSession(RemoteWebDriver.java:213)
	at org.openqa.selenium.remote.RemoteWebDriver.&lt;init&gt;(RemoteWebDriver.java:131)
	at org.openqa.selenium.chrome.ChromeDriver.&lt;init&gt;(ChromeDriver.java:181)
	at org.openqa.selenium.chrome.ChromeDriver.&lt;init&gt;(ChromeDriver.java:168)
	at org.openqa.selenium.chrome.ChromeDriver.&lt;init&gt;(ChromeDriver.java:157)
	at FG_RegistrationTest.RegistrationTesting.regTest(RegistrationTesting.java:118)
	at java.util.concurrent.FutureTask.run(Unknown Source)
	at java.util.concurrent.ThreadPoolExecutor.runWorker(Unknown Source)
	at java.util.concurrent.ThreadPoolExecutor$Worker.run(Unknown Source)
	at java.lang.Thread.run(Unknown Source)
Caused by: org.openqa.selenium.net.UrlChecker$TimeoutException: Timed out waiting for [http://localhost:5936/status] to be available after 59713 ms
	at org.openqa.selenium.net.UrlChecker.waitUntilAvailable(UrlChecker.java:100)
	at org.openqa.selenium.remote.service.DriverService.waitUntilAvailable(DriverService.java:197)
	... 29 more
Caused by: java.util.concurrent.TimeoutException
	at java.util.concurrent.FutureTask.get(Unknown Source)
	at com.google.common.util.concurrent.SimpleTimeLimiter.callWithTimeout(SimpleTimeLimiter.java:156)
	at org.openqa.selenium.net.UrlChecker.waitUntilAvailable(UrlChecker.java:75)
	... 30 more
... Removed 16 stack frames</div></td></tr></table><p class="totop"><a href="#summary">back to summary</a></p>
<h3 id="m16">FG_RegistrationTest.RegistrationTesting#regTest</h3><table class="result"><tr class="param"><th>Parameter #1</th></tr><tr class="param stripe"><td>mopile</td></tr><tr><th>Exception</th></tr><tr><td><div class="stacktrace">org.testng.SkipException: verifyPasswordNotContainsSameCharacter4Time:not need to test
	at FG_RegistrationTest.RegistrationTesting.regTest(RegistrationTesting.java:92)
	at java.util.concurrent.FutureTask.run(Unknown Source)
	at java.util.concurrent.ThreadPoolExecutor.runWorker(Unknown Source)
	at java.util.concurrent.ThreadPoolExecutor$Worker.run(Unknown Source)
	at java.lang.Thread.run(Unknown Source)
... Removed 15 stack frames</div></td></tr></table><p class="totop"><a href="#summary">back to summary</a></p>
<h3 id="m17">FG_RegistrationTest.RegistrationTesting#regTest</h3><table class="result"><tr class="param"><th>Parameter #1</th></tr><tr class="param stripe"><td>mopile</td></tr><tr><th>Exception</th></tr><tr><td><div class="stacktrace">org.testng.SkipException: verifyEmailAddressNotRegistered :not need to test
	at FG_RegistrationTest.RegistrationTesting.regTest(RegistrationTesting.java:92)
	at java.util.concurrent.FutureTask.run(Unknown Source)
	at java.util.concurrent.ThreadPoolExecutor.runWorker(Unknown Source)
	at java.util.concurrent.ThreadPoolExecutor$Worker.run(Unknown Source)
	at java.lang.Thread.run(Unknown Source)
... Removed 15 stack frames</div></td></tr></table><p class="totop"><a href="#summary">back to summary</a></p>
<h3 id="m18">FG_RegistrationTest.RegistrationTesting#regTest</h3><table class="result"><tr class="param"><th>Parameter #1</th></tr><tr class="param stripe"><td>mopile</td></tr><tr><th>Exception</th></tr><tr><td><div class="stacktrace">org.testng.SkipException: verifyPasswordContainsAtLeast1Letter:not need to test
	at FG_RegistrationTest.RegistrationTesting.regTest(RegistrationTesting.java:92)
	at java.util.concurrent.FutureTask.run(Unknown Source)
	at java.util.concurrent.ThreadPoolExecutor.runWorker(Unknown Source)
	at java.util.concurrent.ThreadPoolExecutor$Worker.run(Unknown Source)
	at java.lang.Thread.run(Unknown Source)
... Removed 15 stack frames</div></td></tr></table><p class="totop"><a href="#summary">back to summary</a></p>
<h3 id="m19">FG_RegistrationTest.RegistrationTesting#regTest</h3><table class="result"><tr class="param"><th>Parameter #1</th></tr><tr class="param stripe"><td>mopile</td></tr><tr><th>Exception</th></tr><tr><td><div class="stacktrace">org.testng.SkipException: verifyssucsessregistration:not need to test
	at FG_RegistrationTest.RegistrationTesting.regTest(RegistrationTesting.java:92)
	at java.util.concurrent.FutureTask.run(Unknown Source)
	at java.util.concurrent.ThreadPoolExecutor.runWorker(Unknown Source)
	at java.util.concurrent.ThreadPoolExecutor$Worker.run(Unknown Source)
	at java.lang.Thread.run(Unknown Source)
... Removed 16 stack frames</div></td></tr></table><p class="totop"><a href="#summary">back to summary</a></p>
<h3 id="m20">FG_RegistrationTest.RegistrationTesting#regTest</h3><table class="result"><tr class="param"><th>Parameter #1</th></tr><tr class="param stripe"><td>mopile</td></tr><tr><th>Exception</th></tr><tr><td><div class="stacktrace">org.testng.SkipException: verifyPasswordConfirmationFiled:not need to test
	at FG_RegistrationTest.RegistrationTesting.regTest(RegistrationTesting.java:92)
	at java.util.concurrent.FutureTask.run(Unknown Source)
	at java.util.concurrent.ThreadPoolExecutor.runWorker(Unknown Source)
	at java.util.concurrent.ThreadPoolExecutor$Worker.run(Unknown Source)
	at java.lang.Thread.run(Unknown Source)
... Removed 15 stack frames</div></td></tr></table><p class="totop"><a href="#summary">back to summary</a></p>
<h3 id="m21">FG_RegistrationTest.RegistrationTesting#regTest</h3><table class="result"><tr class="param"><th>Parameter #1</th></tr><tr class="param stripe"><td>mopile</td></tr><tr><th>Exception</th></tr><tr><td><div class="stacktrace">org.testng.SkipException: verifyInvalidEmail:not need to test
	at FG_RegistrationTest.RegistrationTesting.regTest(RegistrationTesting.java:92)
	at java.util.concurrent.FutureTask.run(Unknown Source)
	at java.util.concurrent.ThreadPoolExecutor.runWorker(Unknown Source)
	at java.util.concurrent.ThreadPoolExecutor$Worker.run(Unknown Source)
	at java.lang.Thread.run(Unknown Source)
... Removed 16 stack frames</div></td></tr></table><p class="totop"><a href="#summary">back to summary</a></p>
<h3 id="m22">FG_RegistrationTest.RegistrationTesting#regTest</h3><table class="result"><tr class="param"><th>Parameter #1</th></tr><tr class="param stripe"><td>mopile</td></tr><tr><th>Exception</th></tr><tr><td><div class="stacktrace">org.testng.SkipException: verifyPasswordContainsAtLeast6Characters:not need to test
	at FG_RegistrationTest.RegistrationTesting.regTest(RegistrationTesting.java:92)
	at java.util.concurrent.FutureTask.run(Unknown Source)
	at java.util.concurrent.ThreadPoolExecutor.runWorker(Unknown Source)
	at java.util.concurrent.ThreadPoolExecutor$Worker.run(Unknown Source)
	at java.lang.Thread.run(Unknown Source)
... Removed 15 stack frames</div></td></tr></table><p class="totop"><a href="#summary">back to summary</a></p>
<h3 id="m23">FG_RegistrationTest.RegistrationTesting#regTest</h3><table class="result"><tr class="param"><th>Parameter #1</th></tr><tr class="param stripe"><td>mopile</td></tr></table><p class="totop"><a href="#summary">back to summary</a></p>
</body>
</html>
