<?xml version="1.0" encoding="UTF-8"?>
<!-- Generated by org.testng.reporters.JUnitXMLReporter -->
<testsuite hostname="MAIS-JARADAT" ignored="0" name="chromeRegistrationTesting" tests="12" failures="1" timestamp="16 يول 2019 08:57:36 GMT" time="157.825" errors="0">
  <testcase name="verifyEmailAddressNotRegistered" time="0.054" classname="FG_RegistrationTest.RegistrationTesting">
    <skipped/>
  </testcase> <!-- verifyEmailAddressNotRegistered -->
  <testcase name="verifyEmptyRegistrationFields" time="0.042" classname="FG_RegistrationTest.RegistrationTesting">
    <skipped/>
  </testcase> <!-- verifyEmptyRegistrationFields -->
  <testcase name="verifyEmptyRegistrationInfoFields" time="0.013" classname="FG_RegistrationTest.RegistrationTesting">
    <skipped/>
  </testcase> <!-- verifyEmptyRegistrationInfoFields -->
  <testcase name="verifyInvalidEmail" time="0.003" classname="FG_RegistrationTest.RegistrationTesting">
    <skipped/>
  </testcase> <!-- verifyInvalidEmail -->
  <testcase name="verifyErrZipCodeRegistration" time="0.079" classname="FG_RegistrationTest.RegistrationTesting">
    <skipped/>
  </testcase> <!-- verifyErrZipCodeRegistration -->
  <testcase name="verifyPasswordConfirmationFiled" time="0.065" classname="FG_RegistrationTest.RegistrationTesting">
    <skipped/>
  </testcase> <!-- verifyPasswordConfirmationFiled -->
  <testcase name="verifyPasswordContainsAtLeast1Digit" time="137.513" classname="FG_RegistrationTest.RegistrationTesting">
    <failure type="java.lang.AssertionError" message="actual:Your password must contain at least 1 digit. Please try again.,expected:Your password must contain at least  digit. Please try again., expected:&amp;lt;Your password must contain at least 1 digit. Please try again.&amp;gt; but was:&amp;lt;Your password must contain at least  digit. Please try again.&amp;gt;">
      <![CDATA[java.lang.AssertionError: actual:Your password must contain at least 1 digit. Please try again.,expected:Your password must contain at least  digit. Please try again., expected:<Your password must contain at least 1 digit. Please try again.> but was:<Your password must contain at least  digit. Please try again.>
at FG_RegistrationTest.RegistrationTesting.testresult(RegistrationTesting.java:365)
at FG_RegistrationTest.RegistrationTesting.verifyPasswordContainsAtLeast1Digit(RegistrationTesting.java:176)
at java.util.concurrent.ThreadPoolExecutor.runWorker(Unknown Source)
at java.util.concurrent.ThreadPoolExecutor$Worker.run(Unknown Source)
at java.lang.Thread.run(Unknown Source)
... Removed 11 stack frames]]>
    </failure>
  </testcase> <!-- verifyPasswordContainsAtLeast1Digit -->
  <testcase name="verifyPasswordContainsAtLeast6Characters" time="0.003" classname="FG_RegistrationTest.RegistrationTesting">
    <skipped/>
  </testcase> <!-- verifyPasswordContainsAtLeast6Characters -->
  <testcase name="verifyPasswordNotContainsSameCharacter4Time" time="0.004" classname="FG_RegistrationTest.RegistrationTesting">
    <skipped/>
  </testcase> <!-- verifyPasswordNotContainsSameCharacter4Time -->
  <testcase name="verifyssucsessregistration" time="0.002" classname="FG_RegistrationTest.RegistrationTesting">
    <skipped/>
  </testcase> <!-- verifyssucsessregistration -->
  <testcase name="verifyPasswordContainsAtLeast1Letter" time="139.635" classname="FG_RegistrationTest.RegistrationTesting"/>
  <testcase name="verifyEmailConfirmationFelides" time="140.728" classname="FG_RegistrationTest.RegistrationTesting"/>
</testsuite> <!-- chromeRegistrationTesting -->
